<?xml version="1.0" encoding="UTF-8"?>
<!-- Generated by org.testng.reporters.JUnitXMLReporter -->
<testsuite ignored="0" hostname="AR-IT20394" failures="0" tests="6" name="TestWiki" time="3.328" errors="0" timestamp="2023-05-29T17:34:11 ART">
  <testcase classname="com.selenium.test.WikiTest" name="@BeforeMethod preCondicion" time="3.239">
    <failure type="org.openqa.selenium.SessionNotCreatedException" message="Could not start a new session. Response code 500. Message: session not created: This version of ChromeDriver only supports Chrome version 110
Current browser version is 113.0.5672.127 with binary path C:\Program Files\Google\Chrome\Application\chrome.exe 
Host info: host: &amp;apos;AR-IT20394&amp;apos;, ip: &amp;apos;192.168.64.1&amp;apos;
Build info: version: &amp;apos;4.9.1&amp;apos;, revision: &amp;apos;eb2032df7f&amp;apos;
System info: os.name: &amp;apos;Windows 10&amp;apos;, os.arch: &amp;apos;amd64&amp;apos;, os.version: &amp;apos;10.0&amp;apos;, java.version: &amp;apos;17.0.6&amp;apos;
Driver info: org.openqa.selenium.chrome.ChromeDriver
Command: [null, newSession {capabilities=[Capabilities {browserName: chrome, goog:chromeOptions: {args: [--remote-allow-origins=*], extensions: []}}]}]">
      <![CDATA[org.openqa.selenium.SessionNotCreatedException: Could not start a new session. Response code 500. Message: session not created: This version of ChromeDriver only supports Chrome version 110
Current browser version is 113.0.5672.127 with binary path C:\Program Files\Google\Chrome\Application\chrome.exe 
Host info: host: 'AR-IT20394', ip: '192.168.64.1'
Build info: version: '4.9.1', revision: 'eb2032df7f'
System info: os.name: 'Windows 10', os.arch: 'amd64', os.version: '10.0', java.version: '17.0.6'
Driver info: org.openqa.selenium.chrome.ChromeDriver
Command: [null, newSession {capabilities=[Capabilities {browserName: chrome, goog:chromeOptions: {args: [--remote-allow-origins=*], extensions: []}}]}]
at org.openqa.selenium.remote.ProtocolHandshake.createSession(ProtocolHandshake.java:136)
at org.openqa.selenium.remote.ProtocolHandshake.createSession(ProtocolHandshake.java:94)
at org.openqa.selenium.remote.ProtocolHandshake.createSession(ProtocolHandshake.java:68)
at org.openqa.selenium.remote.HttpCommandExecutor.execute(HttpCommandExecutor.java:165)
at org.openqa.selenium.remote.service.DriverCommandExecutor.invokeExecute(DriverCommandExecutor.java:183)
at org.openqa.selenium.remote.service.DriverCommandExecutor.execute(DriverCommandExecutor.java:158)
at org.openqa.selenium.remote.RemoteWebDriver.execute(RemoteWebDriver.java:543)
at org.openqa.selenium.remote.RemoteWebDriver.startSession(RemoteWebDriver.java:229)
at org.openqa.selenium.remote.RemoteWebDriver.<init>(RemoteWebDriver.java:157)
at org.openqa.selenium.chromium.ChromiumDriver.<init>(ChromiumDriver.java:101)
at org.openqa.selenium.chrome.ChromeDriver.<init>(ChromeDriver.java:88)
at org.openqa.selenium.chrome.ChromeDriver.<init>(ChromeDriver.java:84)
at org.openqa.selenium.chrome.ChromeDriver.<init>(ChromeDriver.java:52)
at com.selenium.test.WikiTest.preCondicion(WikiTest.java:26)
at java.base/java.util.ArrayList.forEach(ArrayList.java:1511)
... Removed 31 stack frames]]>
    </failure>
  </testcase> <!-- @BeforeMethod preCondicion -->
  <testcase classname="com.selenium.test.WikiTest" name="@AfterMethod postCondicion" time="0.0">
    <skipped/>
  </testcase> <!-- @AfterMethod postCondicion -->
  <testcase classname="com.selenium.test.WikiTest" name="@BeforeMethod preCondicion" time="0.0">
    <skipped/>
  </testcase> <!-- @BeforeMethod preCondicion -->
  <testcase classname="com.selenium.test.WikiTest" name="@AfterMethod postCondicion" time="0.0">
    <skipped/>
  </testcase> <!-- @AfterMethod postCondicion -->
  <testcase classname="com.selenium.test.WikiTest" name="@BeforeMethod preCondicion" time="0.0">
    <skipped/>
  </testcase> <!-- @BeforeMethod preCondicion -->
  <testcase classname="com.selenium.test.WikiTest" name="@AfterMethod postCondicion" time="0.0">
    <skipped/>
  </testcase> <!-- @AfterMethod postCondicion -->
  <testcase classname="com.selenium.test.WikiTest" name="@BeforeMethod preCondicion" time="0.0">
    <skipped/>
  </testcase> <!-- @BeforeMethod preCondicion -->
  <testcase classname="com.selenium.test.WikiTest" name="@AfterMethod postCondicion" time="0.0">
    <skipped/>
  </testcase> <!-- @AfterMethod postCondicion -->
  <testcase classname="com.selenium.test.WikiTest" name="@BeforeMethod preCondicion" time="0.0">
    <skipped/>
  </testcase> <!-- @BeforeMethod preCondicion -->
  <testcase classname="com.selenium.test.WikiTest" name="@AfterMethod postCondicion" time="0.0">
    <skipped/>
  </testcase> <!-- @AfterMethod postCondicion -->
  <testcase classname="com.selenium.test.WikiTest" name="@BeforeMethod preCondicion" time="0.0">
    <skipped/>
  </testcase> <!-- @BeforeMethod preCondicion -->
  <testcase classname="com.selenium.test.WikiTest" name="@AfterMethod postCondicion" time="0.0">
    <skipped/>
  </testcase> <!-- @AfterMethod postCondicion -->
  <testcase classname="com.selenium.test.WikiTest" name="BusquedaConDiferentesIdiomasTDD" time="0.0">
    <skipped/>
  </testcase> <!-- BusquedaConDiferentesIdiomasTDD -->
  <testcase classname="com.selenium.test.WikiTest" name="BusquedaConDiferentesIdiomasTDD" time="0.0">
    <skipped/>
  </testcase> <!-- BusquedaConDiferentesIdiomasTDD -->
  <testcase classname="com.selenium.test.WikiTest" name="BusquedaConDiferentesIdiomasTDD" time="0.0">
    <skipped/>
  </testcase> <!-- BusquedaConDiferentesIdiomasTDD -->
  <testcase classname="com.selenium.test.WikiTest" name="BusquedaConDiferentesIdiomasTDD" time="0.001">
    <skipped/>
  </testcase> <!-- BusquedaConDiferentesIdiomasTDD -->
  <testcase classname="com.selenium.test.WikiTest" name="BusquedaConDiferentesIdiomasTDD" time="0.0">
    <skipped/>
  </testcase> <!-- BusquedaConDiferentesIdiomasTDD -->
  <testcase classname="com.selenium.test.WikiTest" name="BusquedaConDiferentesIdiomasTDD" time="0.0">
    <skipped/>
  </testcase> <!-- BusquedaConDiferentesIdiomasTDD -->
</testsuite> <!-- TestWiki -->
