<?xml version="1.0" encoding="UTF-8"?>
<!-- Generated by org.testng.reporters.JUnitXMLReporter -->
<testsuite ignored="0" hostname="AR-IT20394" failures="1" tests="10" name="Test-chrome-2" time="133.725" errors="0" timestamp="2023-06-23T23:44:38 ART">
  <testcase classname="com.selenium.test.WikiTest2" name="BusquedaVersion2" time="3.508"/>
  <testcase classname="com.selenium.test.WikiTest2" name="BusquedaVersion2" time="3.198"/>
  <testcase classname="com.selenium.test.WikiTest2" name="BusquedaVersion2" time="3.172"/>
  <testcase classname="com.selenium.test.WikiTest2" name="BusquedaVersion2" time="3.19">
    <failure type="java.lang.AssertionError" message="expected [true] but found [false]">
      <![CDATA[java.lang.AssertionError: expected [true] but found [false]
at com.selenium.page.WikiHomePage.ingresarBusquedaV2(WikiHomePage.java:275)
at com.selenium.test.WikiTest2.BusquedaVersion2(WikiTest2.java:59)
at java.base/java.util.ArrayList.forEach(ArrayList.java:1511)
at java.base/java.util.concurrent.FutureTask.run(FutureTask.java:264)
at java.base/java.util.concurrent.ThreadPoolExecutor.runWorker(ThreadPoolExecutor.java:1136)
at java.base/java.util.concurrent.ThreadPoolExecutor$Worker.run(ThreadPoolExecutor.java:635)
at java.base/java.lang.Thread.run(Thread.java:833)
... Removed 21 stack frames]]>
    </failure>
  </testcase> <!-- BusquedaVersion2 -->
  <testcase classname="com.selenium.test.WikiTest2" name="ValidarBusquedaTDD" time="3.439"/>
  <testcase classname="com.selenium.test.WikiTest2" name="ValidarBusquedaTDD" time="2.461"/>
  <testcase classname="com.selenium.test.WikiTest2" name="ValidarBusquedaTDD" time="2.594"/>
  <testcase classname="com.selenium.test.WikiTest2" name="ValidarBusquedaTDD" time="2.607"/>
  <testcase classname="com.selenium.test.WikiTest2" name="ValidarBusquedaTDD" time="3.168"/>
  <testcase classname="com.selenium.test.WikiTest2" name="ValidarVisualizacionAllElementsHome" time="0.882"/>
</testsuite> <!-- Test-chrome-2 -->
