<?xml version="1.0" encoding="UTF-8"?>
<!-- Generated by org.testng.reporters.JUnitXMLReporter -->
<testsuite ignored="0" hostname="AR-IT20394" failures="2" tests="10" name="Test-chrome-3" time="23.948" errors="0" timestamp="2023-06-23T23:39:16 ART">
  <testcase classname="com.selenium.test.WikiTest2" name="@AfterMethod postCondicion" time="0.025">
    <failure type="org.openqa.selenium.remote.http.ConnectionFailedException" message="Unable to establish websocket connection to http://127.0.0.1:8062/devtools/browser/bccca248-b84a-4d00-97c1-3bc51af12c45
Build info: version: &amp;apos;4.9.1&amp;apos;, revision: &amp;apos;eb2032df7f&amp;apos;
System info: os.name: &amp;apos;Windows 10&amp;apos;, os.arch: &amp;apos;amd64&amp;apos;, os.version: &amp;apos;10.0&amp;apos;, java.version: &amp;apos;17.0.6&amp;apos;
Driver info: driver.version: FirefoxDriver">
      <![CDATA[org.openqa.selenium.remote.http.ConnectionFailedException: Unable to establish websocket connection to http://127.0.0.1:8062/devtools/browser/bccca248-b84a-4d00-97c1-3bc51af12c45
Build info: version: '4.9.1', revision: 'eb2032df7f'
System info: os.name: 'Windows 10', os.arch: 'amd64', os.version: '10.0', java.version: '17.0.6'
Driver info: driver.version: FirefoxDriver
at org.openqa.selenium.remote.http.netty.NettyWebSocket.<init>(NettyWebSocket.java:102)
at org.openqa.selenium.remote.http.netty.NettyWebSocket.lambda$create$3(NettyWebSocket.java:128)
at org.openqa.selenium.remote.http.netty.NettyClient.openSocket(NettyClient.java:107)
at org.openqa.selenium.devtools.Connection.<init>(Connection.java:82)
at org.openqa.selenium.firefox.FirefoxDriver.maybeGetDevTools(FirefoxDriver.java:293)
at org.openqa.selenium.remote.RemoteWebDriver.quit(RemoteWebDriver.java:438)
at org.openqa.selenium.firefox.FirefoxDriver.quit(FirefoxDriver.java:351)
at com.selenium.driver.DriverFactory.Finalizar(DriverFactory.java:56)
at com.selenium.test.WikiTest2.postCondicion(WikiTest2.java:72)
at java.base/java.util.ArrayList.forEach(ArrayList.java:1511)
at java.base/java.util.concurrent.FutureTask.run(FutureTask.java:264)
at java.base/java.util.concurrent.ThreadPoolExecutor.runWorker(ThreadPoolExecutor.java:1136)
at java.base/java.util.concurrent.ThreadPoolExecutor$Worker.run(ThreadPoolExecutor.java:635)
at java.base/java.lang.Thread.run(Thread.java:833)
... Removed 23 stack frames]]>
    </failure>
  </testcase> <!-- @AfterMethod postCondicion -->
  <testcase classname="com.selenium.test.WikiTest2" name="@BeforeMethod abrirBrowser" time="-1.687574356114E9">
    <skipped/>
  </testcase> <!-- @BeforeMethod abrirBrowser -->
  <testcase classname="com.selenium.test.WikiTest2" name="@AfterMethod postCondicion" time="-1.687574356124E9">
    <skipped/>
  </testcase> <!-- @AfterMethod postCondicion -->
  <testcase classname="com.selenium.test.WikiTest2" name="@BeforeMethod abrirBrowser" time="-1.687574356125E9">
    <skipped/>
  </testcase> <!-- @BeforeMethod abrirBrowser -->
  <testcase classname="com.selenium.test.WikiTest2" name="@AfterMethod postCondicion" time="-1.687574356131E9">
    <skipped/>
  </testcase> <!-- @AfterMethod postCondicion -->
  <testcase classname="com.selenium.test.WikiTest2" name="@BeforeMethod abrirBrowser" time="-1.687574356134E9">
    <skipped/>
  </testcase> <!-- @BeforeMethod abrirBrowser -->
  <testcase classname="com.selenium.test.WikiTest2" name="@AfterMethod postCondicion" time="-1.68757435614E9">
    <skipped/>
  </testcase> <!-- @AfterMethod postCondicion -->
  <testcase classname="com.selenium.test.WikiTest2" name="@BeforeMethod abrirBrowser" time="-1.687574356141E9">
    <skipped/>
  </testcase> <!-- @BeforeMethod abrirBrowser -->
  <testcase classname="com.selenium.test.WikiTest2" name="@AfterMethod postCondicion" time="-1.687574356146E9">
    <skipped/>
  </testcase> <!-- @AfterMethod postCondicion -->
  <testcase classname="com.selenium.test.WikiTest2" name="@BeforeMethod abrirBrowser" time="-1.687574356148E9">
    <skipped/>
  </testcase> <!-- @BeforeMethod abrirBrowser -->
  <testcase classname="com.selenium.test.WikiTest2" name="@AfterMethod postCondicion" time="-1.687574356153E9">
    <skipped/>
  </testcase> <!-- @AfterMethod postCondicion -->
  <testcase classname="com.selenium.test.WikiTest2" name="@BeforeMethod abrirBrowser" time="-1.687574356154E9">
    <skipped/>
  </testcase> <!-- @BeforeMethod abrirBrowser -->
  <testcase classname="com.selenium.test.WikiTest2" name="@AfterMethod postCondicion" time="-1.687574356159E9">
    <skipped/>
  </testcase> <!-- @AfterMethod postCondicion -->
  <testcase classname="com.selenium.test.WikiTest2" name="@BeforeMethod abrirBrowser" time="-1.68757435616E9">
    <skipped/>
  </testcase> <!-- @BeforeMethod abrirBrowser -->
  <testcase classname="com.selenium.test.WikiTest2" name="@AfterMethod postCondicion" time="-1.687574356165E9">
    <skipped/>
  </testcase> <!-- @AfterMethod postCondicion -->
  <testcase classname="com.selenium.test.WikiTest2" name="@BeforeMethod abrirBrowser" time="-1.687574356167E9">
    <skipped/>
  </testcase> <!-- @BeforeMethod abrirBrowser -->
  <testcase classname="com.selenium.test.WikiTest2" name="@AfterMethod postCondicion" time="-1.687574356172E9">
    <skipped/>
  </testcase> <!-- @AfterMethod postCondicion -->
  <testcase classname="com.selenium.test.WikiTest2" name="BusquedaVersion2" time="0.298">
    <failure type="org.openqa.selenium.NoSuchElementException" message="Unable to locate element: #firstHeading
For documentation on this error, please visit: https://selenium.dev/exceptions/#no_such_element
Build info: version: &amp;apos;4.9.1&amp;apos;, revision: &amp;apos;eb2032df7f&amp;apos;
System info: os.name: &amp;apos;Windows 10&amp;apos;, os.arch: &amp;apos;amd64&amp;apos;, os.version: &amp;apos;10.0&amp;apos;, java.version: &amp;apos;17.0.6&amp;apos;
Driver info: org.openqa.selenium.firefox.FirefoxDriver
Command: [5da49f08-9b9e-448f-b8a4-4eb10ff3f2d4, findElement {using=id, value=firstHeading}]
Capabilities {acceptInsecureCerts: true, browserName: firefox, browserVersion: 114.0.2, moz:accessibilityChecks: false, moz:buildID: 20230619081400, moz:debuggerAddress: 127.0.0.1:46589, moz:geckodriverVersion: 0.33.0, moz:headless: false, moz:platformVersion: 10.0, moz:processID: 13468, moz:profile: C:\Users\DIEGO~1.HER\AppDat..., moz:shutdownTimeout: 60000, moz:useNonSpecCompliantPointerOrigin: false, moz:webdriverClick: true, moz:windowless: false, pageLoadStrategy: normal, platformName: windows, proxy: Proxy(), se:cdp: ws://127.0.0.1:46589/devtoo..., se:cdpVersion: 85.0, setWindowRect: true, strictFileInteractability: false, timeouts: {implicit: 0, pageLoad: 300000, script: 30000}, unhandledPromptBehavior: dismiss and notify}
Session ID: 5da49f08-9b9e-448f-b8a4-4eb10ff3f2d4">
      <![CDATA[org.openqa.selenium.NoSuchElementException: Unable to locate element: #firstHeading
For documentation on this error, please visit: https://selenium.dev/exceptions/#no_such_element
Build info: version: '4.9.1', revision: 'eb2032df7f'
System info: os.name: 'Windows 10', os.arch: 'amd64', os.version: '10.0', java.version: '17.0.6'
Driver info: org.openqa.selenium.firefox.FirefoxDriver
Command: [5da49f08-9b9e-448f-b8a4-4eb10ff3f2d4, findElement {using=id, value=firstHeading}]
Capabilities {acceptInsecureCerts: true, browserName: firefox, browserVersion: 114.0.2, moz:accessibilityChecks: false, moz:buildID: 20230619081400, moz:debuggerAddress: 127.0.0.1:46589, moz:geckodriverVersion: 0.33.0, moz:headless: false, moz:platformVersion: 10.0, moz:processID: 13468, moz:profile: C:\Users\DIEGO~1.HER\AppDat..., moz:shutdownTimeout: 60000, moz:useNonSpecCompliantPointerOrigin: false, moz:webdriverClick: true, moz:windowless: false, pageLoadStrategy: normal, platformName: windows, proxy: Proxy(), se:cdp: ws://127.0.0.1:46589/devtoo..., se:cdpVersion: 85.0, setWindowRect: true, strictFileInteractability: false, timeouts: {implicit: 0, pageLoad: 300000, script: 30000}, unhandledPromptBehavior: dismiss and notify}
Session ID: 5da49f08-9b9e-448f-b8a4-4eb10ff3f2d4
at org.openqa.selenium.remote.codec.w3c.W3CHttpResponseCodec.createException(W3CHttpResponseCodec.java:200)
at org.openqa.selenium.remote.codec.w3c.W3CHttpResponseCodec.decode(W3CHttpResponseCodec.java:133)
at org.openqa.selenium.remote.codec.w3c.W3CHttpResponseCodec.decode(W3CHttpResponseCodec.java:53)
at org.openqa.selenium.remote.HttpCommandExecutor.execute(HttpCommandExecutor.java:193)
at org.openqa.selenium.remote.service.DriverCommandExecutor.invokeExecute(DriverCommandExecutor.java:183)
at org.openqa.selenium.remote.service.DriverCommandExecutor.execute(DriverCommandExecutor.java:158)
at org.openqa.selenium.remote.RemoteWebDriver.execute(RemoteWebDriver.java:543)
at org.openqa.selenium.remote.ElementLocation$ElementFinder$2.findElement(ElementLocation.java:162)
at org.openqa.selenium.remote.ElementLocation.findElement(ElementLocation.java:60)
at org.openqa.selenium.remote.RemoteWebDriver.findElement(RemoteWebDriver.java:352)
at org.openqa.selenium.remote.RemoteWebDriver.findElement(RemoteWebDriver.java:344)
at org.openqa.selenium.support.pagefactory.DefaultElementLocator.findElement(DefaultElementLocator.java:70)
at org.openqa.selenium.support.pagefactory.internal.LocatingElementHandler.invoke(LocatingElementHandler.java:39)
at jdk.proxy2/jdk.proxy2.$Proxy18.getText(Unknown Source)
at com.selenium.page.WikiResultadoPage.getTitulo(WikiResultadoPage.java:32)
at com.selenium.page.WikiHomePage.ingresarBusquedaV2(WikiHomePage.java:272)
at com.selenium.test.WikiTest2.BusquedaVersion2(WikiTest2.java:59)
at java.base/java.util.ArrayList.forEach(ArrayList.java:1511)
at java.base/java.util.concurrent.FutureTask.run(FutureTask.java:264)
at java.base/java.util.concurrent.ThreadPoolExecutor.runWorker(ThreadPoolExecutor.java:1136)
at java.base/java.util.concurrent.ThreadPoolExecutor$Worker.run(ThreadPoolExecutor.java:635)
at java.base/java.lang.Thread.run(Thread.java:833)
... Removed 23 stack frames]]>
    </failure>
  </testcase> <!-- BusquedaVersion2 -->
  <testcase classname="com.selenium.test.WikiTest2" name="BusquedaVersion2" time="1.104">
    <failure type="org.openqa.selenium.NoSuchWindowException" message="Browsing context has been discarded
Build info: version: &amp;apos;4.9.1&amp;apos;, revision: &amp;apos;eb2032df7f&amp;apos;
System info: os.name: &amp;apos;Windows 10&amp;apos;, os.arch: &amp;apos;amd64&amp;apos;, os.version: &amp;apos;10.0&amp;apos;, java.version: &amp;apos;17.0.6&amp;apos;
Driver info: org.openqa.selenium.firefox.FirefoxDriver
Command: [ffbdbd7f-fd6c-40bf-8111-5339a675dcd4, findElement {using=id, value=firstHeading}]
Capabilities {acceptInsecureCerts: true, browserName: firefox, browserVersion: 114.0.2, moz:accessibilityChecks: false, moz:buildID: 20230619081400, moz:debuggerAddress: 127.0.0.1:8062, moz:geckodriverVersion: 0.33.0, moz:headless: false, moz:platformVersion: 10.0, moz:processID: 22328, moz:profile: C:\Users\DIEGO~1.HER\AppDat..., moz:shutdownTimeout: 60000, moz:useNonSpecCompliantPointerOrigin: false, moz:webdriverClick: true, moz:windowless: false, pageLoadStrategy: normal, platformName: windows, proxy: Proxy(), se:cdp: ws://127.0.0.1:8062/devtool..., se:cdpVersion: 85.0, setWindowRect: true, strictFileInteractability: false, timeouts: {implicit: 0, pageLoad: 300000, script: 30000}, unhandledPromptBehavior: dismiss and notify}
Session ID: ffbdbd7f-fd6c-40bf-8111-5339a675dcd4">
      <![CDATA[org.openqa.selenium.NoSuchWindowException: Browsing context has been discarded
Build info: version: '4.9.1', revision: 'eb2032df7f'
System info: os.name: 'Windows 10', os.arch: 'amd64', os.version: '10.0', java.version: '17.0.6'
Driver info: org.openqa.selenium.firefox.FirefoxDriver
Command: [ffbdbd7f-fd6c-40bf-8111-5339a675dcd4, findElement {using=id, value=firstHeading}]
Capabilities {acceptInsecureCerts: true, browserName: firefox, browserVersion: 114.0.2, moz:accessibilityChecks: false, moz:buildID: 20230619081400, moz:debuggerAddress: 127.0.0.1:8062, moz:geckodriverVersion: 0.33.0, moz:headless: false, moz:platformVersion: 10.0, moz:processID: 22328, moz:profile: C:\Users\DIEGO~1.HER\AppDat..., moz:shutdownTimeout: 60000, moz:useNonSpecCompliantPointerOrigin: false, moz:webdriverClick: true, moz:windowless: false, pageLoadStrategy: normal, platformName: windows, proxy: Proxy(), se:cdp: ws://127.0.0.1:8062/devtool..., se:cdpVersion: 85.0, setWindowRect: true, strictFileInteractability: false, timeouts: {implicit: 0, pageLoad: 300000, script: 30000}, unhandledPromptBehavior: dismiss and notify}
Session ID: ffbdbd7f-fd6c-40bf-8111-5339a675dcd4
at org.openqa.selenium.remote.codec.w3c.W3CHttpResponseCodec.createException(W3CHttpResponseCodec.java:200)
at org.openqa.selenium.remote.codec.w3c.W3CHttpResponseCodec.decode(W3CHttpResponseCodec.java:133)
at org.openqa.selenium.remote.codec.w3c.W3CHttpResponseCodec.decode(W3CHttpResponseCodec.java:53)
at org.openqa.selenium.remote.HttpCommandExecutor.execute(HttpCommandExecutor.java:193)
at org.openqa.selenium.remote.service.DriverCommandExecutor.invokeExecute(DriverCommandExecutor.java:183)
at org.openqa.selenium.remote.service.DriverCommandExecutor.execute(DriverCommandExecutor.java:158)
at org.openqa.selenium.remote.RemoteWebDriver.execute(RemoteWebDriver.java:543)
at org.openqa.selenium.remote.ElementLocation$ElementFinder$2.findElement(ElementLocation.java:162)
at org.openqa.selenium.remote.ElementLocation.findElement(ElementLocation.java:60)
at org.openqa.selenium.remote.RemoteWebDriver.findElement(RemoteWebDriver.java:352)
at org.openqa.selenium.remote.RemoteWebDriver.findElement(RemoteWebDriver.java:344)
at org.openqa.selenium.support.pagefactory.DefaultElementLocator.findElement(DefaultElementLocator.java:70)
at org.openqa.selenium.support.pagefactory.internal.LocatingElementHandler.invoke(LocatingElementHandler.java:39)
at jdk.proxy2/jdk.proxy2.$Proxy18.getText(Unknown Source)
at com.selenium.page.WikiResultadoPage.getTitulo(WikiResultadoPage.java:32)
at com.selenium.page.WikiHomePage.ingresarBusquedaV2(WikiHomePage.java:272)
at com.selenium.test.WikiTest2.BusquedaVersion2(WikiTest2.java:59)
at java.base/java.util.ArrayList.forEach(ArrayList.java:1511)
at java.base/java.util.concurrent.FutureTask.run(FutureTask.java:264)
at java.base/java.util.concurrent.ThreadPoolExecutor.runWorker(ThreadPoolExecutor.java:1136)
at java.base/java.util.concurrent.ThreadPoolExecutor$Worker.run(ThreadPoolExecutor.java:635)
at java.base/java.lang.Thread.run(Thread.java:833)
... Removed 23 stack frames]]>
    </failure>
  </testcase> <!-- BusquedaVersion2 -->
  <testcase classname="com.selenium.test.WikiTest2" name="BusquedaVersion2" time="0.0">
    <skipped/>
  </testcase> <!-- BusquedaVersion2 -->
  <testcase classname="com.selenium.test.WikiTest2" name="BusquedaVersion2" time="0.0">
    <skipped/>
  </testcase> <!-- BusquedaVersion2 -->
  <testcase classname="com.selenium.test.WikiTest2" name="ValidarBusquedaTDD" time="0.0">
    <skipped/>
  </testcase> <!-- ValidarBusquedaTDD -->
  <testcase classname="com.selenium.test.WikiTest2" name="ValidarBusquedaTDD" time="0.0">
    <skipped/>
  </testcase> <!-- ValidarBusquedaTDD -->
  <testcase classname="com.selenium.test.WikiTest2" name="ValidarBusquedaTDD" time="0.0">
    <skipped/>
  </testcase> <!-- ValidarBusquedaTDD -->
  <testcase classname="com.selenium.test.WikiTest2" name="ValidarBusquedaTDD" time="0.0">
    <skipped/>
  </testcase> <!-- ValidarBusquedaTDD -->
  <testcase classname="com.selenium.test.WikiTest2" name="ValidarBusquedaTDD" time="0.0">
    <skipped/>
  </testcase> <!-- ValidarBusquedaTDD -->
  <testcase classname="com.selenium.test.WikiTest2" name="ValidarVisualizacionAllElementsHome" time="0.0">
    <skipped/>
  </testcase> <!-- ValidarVisualizacionAllElementsHome -->
</testsuite> <!-- Test-chrome-3 -->
