<?xml version="1.0" encoding="UTF-8"?>
<!-- Generated by org.testng.reporters.JUnitXMLReporter -->
<testsuite ignored="0" hostname="AR-IT20394" failures="1" tests="10" name="Test-edge-2" time="123.718" errors="0" timestamp="2023-06-24T00:53:36 ART">
  <testcase classname="com.selenium.test.WikiTest2" name="BusquedaVersion2" time="3.889"/>
  <testcase classname="com.selenium.test.WikiTest2" name="BusquedaVersion2" time="3.369"/>
  <testcase classname="com.selenium.test.WikiTest2" name="BusquedaVersion2" time="3.15"/>
  <testcase classname="com.selenium.test.WikiTest2" name="BusquedaVersion2" time="3.106">
    <failure type="java.lang.AssertionError" message="expected [true] but found [false]">
      <![CDATA[java.lang.AssertionError: expected [true] but found [false]
at com.selenium.page.WikiHomePage.ingresarBusquedaV2(WikiHomePage.java:275)
at com.selenium.test.WikiTest2.BusquedaVersion2(WikiTest2.java:59)
at java.base/java.util.ArrayList.forEach(ArrayList.java:1541)
at java.base/java.util.concurrent.FutureTask.run(FutureTask.java:264)
at java.base/java.util.concurrent.ThreadPoolExecutor.runWorker(ThreadPoolExecutor.java:1128)
at java.base/java.util.concurrent.ThreadPoolExecutor$Worker.run(ThreadPoolExecutor.java:628)
at java.base/java.lang.Thread.run(Thread.java:834)
... Removed 21 stack frames]]>
    </failure>
  </testcase> <!-- BusquedaVersion2 -->
  <testcase classname="com.selenium.test.WikiTest2" name="ValidarBusquedaTDD" time="3.686"/>
  <testcase classname="com.selenium.test.WikiTest2" name="ValidarBusquedaTDD" time="2.5"/>
  <testcase classname="com.selenium.test.WikiTest2" name="ValidarBusquedaTDD" time="2.695"/>
  <testcase classname="com.selenium.test.WikiTest2" name="ValidarBusquedaTDD" time="2.754"/>
  <testcase classname="com.selenium.test.WikiTest2" name="ValidarBusquedaTDD" time="3.219"/>
  <testcase classname="com.selenium.test.WikiTest2" name="ValidarVisualizacionAllElementsHome" time="0.766"/>
</testsuite> <!-- Test-edge-2 -->
