<?xml version="1.0" encoding="UTF-8"?>
<!-- Generated by org.testng.reporters.JUnitXMLReporter -->
<testsuite ignored="0" hostname="AR-IT20394" failures="1" tests="10" name="Test-chrome" time="127.035" errors="0" timestamp="2023-06-24T00:53:39 ART">
  <testcase classname="com.selenium.test.WikiTest2" name="BusquedaVersion2" time="3.6"/>
  <testcase classname="com.selenium.test.WikiTest2" name="BusquedaVersion2" time="3.118"/>
  <testcase classname="com.selenium.test.WikiTest2" name="BusquedaVersion2" time="3.253"/>
  <testcase classname="com.selenium.test.WikiTest2" name="BusquedaVersion2" time="3.231">
    <failure type="java.lang.AssertionError" message="expected [true] but found [false]">
      <![CDATA[java.lang.AssertionError: expected [true] but found [false]
at com.selenium.page.WikiHomePage.ingresarBusquedaV2(WikiHomePage.java:275)
at com.selenium.test.WikiTest2.BusquedaVersion2(WikiTest2.java:59)
at java.base/java.util.ArrayList.forEach(ArrayList.java:1541)
at java.base/java.util.concurrent.FutureTask.run(FutureTask.java:264)
at java.base/java.util.concurrent.ThreadPoolExecutor.runWorker(ThreadPoolExecutor.java:1128)
at java.base/java.util.concurrent.ThreadPoolExecutor$Worker.run(ThreadPoolExecutor.java:628)
at java.base/java.lang.Thread.run(Thread.java:834)
... Removed 21 stack frames]]>
    </failure>
  </testcase> <!-- BusquedaVersion2 -->
  <testcase classname="com.selenium.test.WikiTest2" name="ValidarBusquedaTDD" time="3.417"/>
  <testcase classname="com.selenium.test.WikiTest2" name="ValidarBusquedaTDD" time="2.556"/>
  <testcase classname="com.selenium.test.WikiTest2" name="ValidarBusquedaTDD" time="2.609"/>
  <testcase classname="com.selenium.test.WikiTest2" name="ValidarBusquedaTDD" time="2.649"/>
  <testcase classname="com.selenium.test.WikiTest2" name="ValidarBusquedaTDD" time="2.656"/>
  <testcase classname="com.selenium.test.WikiTest2" name="ValidarVisualizacionAllElementsHome" time="0.887"/>
</testsuite> <!-- Test-chrome -->
