<?xml version="1.0" encoding="UTF-8"?>
<!-- Generated by org.testng.reporters.JUnitXMLReporter -->
<testsuite ignored="0" hostname="AR-IT20394" failures="1" tests="10" name="Test-chrome-2" time="131.124" errors="0" timestamp="2023-06-24T00:53:43 ART">
  <testcase classname="com.selenium.test.WikiTest2" name="BusquedaVersion2" time="3.151"/>
  <testcase classname="com.selenium.test.WikiTest2" name="BusquedaVersion2" time="3.703"/>
  <testcase classname="com.selenium.test.WikiTest2" name="BusquedaVersion2" time="3.265"/>
  <testcase classname="com.selenium.test.WikiTest2" name="BusquedaVersion2" time="3.021">
    <failure type="java.lang.AssertionError" message="expected [true] but found [false]">
      <![CDATA[java.lang.AssertionError: expected [true] but found [false]
at com.selenium.page.WikiHomePage.ingresarBusquedaV2(WikiHomePage.java:275)
at com.selenium.test.WikiTest2.BusquedaVersion2(WikiTest2.java:59)
at java.base/java.util.ArrayList.forEach(ArrayList.java:1541)
at java.base/java.util.concurrent.FutureTask.run(FutureTask.java:264)
at java.base/java.util.concurrent.ThreadPoolExecutor.runWorker(ThreadPoolExecutor.java:1128)
at java.base/java.util.concurrent.ThreadPoolExecutor$Worker.run(ThreadPoolExecutor.java:628)
at java.base/java.lang.Thread.run(Thread.java:834)
... Removed 21 stack frames]]>
    </failure>
  </testcase> <!-- BusquedaVersion2 -->
  <testcase classname="com.selenium.test.WikiTest2" name="ValidarBusquedaTDD" time="3.048"/>
  <testcase classname="com.selenium.test.WikiTest2" name="ValidarBusquedaTDD" time="2.409"/>
  <testcase classname="com.selenium.test.WikiTest2" name="ValidarBusquedaTDD" time="2.253"/>
  <testcase classname="com.selenium.test.WikiTest2" name="ValidarBusquedaTDD" time="2.512"/>
  <testcase classname="com.selenium.test.WikiTest2" name="ValidarBusquedaTDD" time="2.869"/>
  <testcase classname="com.selenium.test.WikiTest2" name="ValidarVisualizacionAllElementsHome" time="0.449"/>
</testsuite> <!-- Test-chrome-2 -->
