<?xml version="1.0" encoding="UTF-8"?>
<testng-results ignored="0" total="15" passed="5" failed="10" skipped="0">
  <reporter-output>
    <line>
      <![CDATA[Abrir el archivo excel]]>
    </line>
    <line>
      <![CDATA[Acceder a la hoja del excel indicada para obtener datos]]>
    </line>
    <line>
      <![CDATA[Abrir el archivo excel]]>
    </line>
    <line>
      <![CDATA[Acceder a la hoja del excel indicada para obtener datos]]>
    </line>
    <line>
      <![CDATA[Abriendo Browser...]]>
    </line>
    <line>
      <![CDATA[Ingresar idioma [es]]]>
    </line>
    <line>
      <![CDATA[Ingresar valor de busqueda [Selenium]]]>
    </line>
    <line>
      <![CDATA[Ingresamos ENTER]]>
    </line>
    <line>
      <![CDATA[Idioma de URL actual [es]]]>
    </line>
    <line>
      <![CDATA[Titulo resultado  [Selenium]]]>
    </line>
    <line>
      <![CDATA[Comparamos los valores y validamos que coincidan]]>
    </line>
    <line>
      <![CDATA[[COINCIDEN]]]>
    </line>
    <line>
      <![CDATA[Validamos idioma previamente seleccionado y pasado por parametro]]>
    </line>
    <line>
      <![CDATA[[ COINCIDEN]]]>
    </line>
    <line>
      <![CDATA[Cerrando Browser...]]>
    </line>
    <line>
      <![CDATA[Abriendo Browser...]]>
    </line>
    <line>
      <![CDATA[Ingresar idioma [en]]]>
    </line>
    <line>
      <![CDATA[Ingresar valor de busqueda [Selenium]]]>
    </line>
    <line>
      <![CDATA[Ingresamos ENTER]]>
    </line>
    <line>
      <![CDATA[Idioma de URL actual [es]]]>
    </line>
    <line>
      <![CDATA[Titulo resultado  [Selenium]]]>
    </line>
    <line>
      <![CDATA[Comparamos los valores y validamos que coincidan]]>
    </line>
    <line>
      <![CDATA[[COINCIDEN]]]>
    </line>
    <line>
      <![CDATA[Validamos idioma previamente seleccionado y pasado por parametro]]>
    </line>
    <line>
      <![CDATA[[NO COINCIDEN]]]>
    </line>
    <line>
      <![CDATA[Cerrando Browser...]]>
    </line>
    <line>
      <![CDATA[Abriendo Browser...]]>
    </line>
    <line>
      <![CDATA[Ingresar idioma [pl]]]>
    </line>
    <line>
      <![CDATA[Ingresar valor de busqueda [Selenium]]]>
    </line>
    <line>
      <![CDATA[Ingresamos ENTER]]>
    </line>
    <line>
      <![CDATA[Idioma de URL actual [pt]]]>
    </line>
    <line>
      <![CDATA[Titulo resultado  [Selênio]]]>
    </line>
    <line>
      <![CDATA[Comparamos los valores y validamos que coincidan]]>
    </line>
    <line>
      <![CDATA[[NO COINCIDEN] [posee caracteres especiales, acentos, etc]]]>
    </line>
    <line>
      <![CDATA[Cerrando Browser...]]>
    </line>
    <line>
      <![CDATA[Abriendo Browser...]]>
    </line>
    <line>
      <![CDATA[Ingresar idioma [es]]]>
    </line>
    <line>
      <![CDATA[Ingresar valor de busqueda [Selenium]]]>
    </line>
    <line>
      <![CDATA[Ingresamos ENTER]]>
    </line>
    <line>
      <![CDATA[Idioma de URL actual [es]]]>
    </line>
    <line>
      <![CDATA[Titulo resultado  [Selenium]]]>
    </line>
    <line>
      <![CDATA[Comparamos los valores y validamos que coincidan]]>
    </line>
    <line>
      <![CDATA[[COINCIDEN]]]>
    </line>
    <line>
      <![CDATA[Validamos idioma previamente seleccionado y pasado por parametro]]>
    </line>
    <line>
      <![CDATA[[ COINCIDEN]]]>
    </line>
    <line>
      <![CDATA[Cerrando Browser...]]>
    </line>
    <line>
      <![CDATA[Abriendo Browser...]]>
    </line>
    <line>
      <![CDATA[Ingresar idioma [en]]]>
    </line>
    <line>
      <![CDATA[Ingresar valor de busqueda [Selenium]]]>
    </line>
    <line>
      <![CDATA[Ingresamos ENTER]]>
    </line>
    <line>
      <![CDATA[Idioma de URL actual [es]]]>
    </line>
    <line>
      <![CDATA[Titulo resultado  [Selenium]]]>
    </line>
    <line>
      <![CDATA[Comparamos los valores y validamos que coincidan]]>
    </line>
    <line>
      <![CDATA[[COINCIDEN]]]>
    </line>
    <line>
      <![CDATA[Validamos idioma previamente seleccionado y pasado por parametro]]>
    </line>
    <line>
      <![CDATA[[NO COINCIDEN]]]>
    </line>
    <line>
      <![CDATA[Cerrando Browser...]]>
    </line>
    <line>
      <![CDATA[Abriendo Browser...]]>
    </line>
    <line>
      <![CDATA[Ingresar idioma [pl]]]>
    </line>
    <line>
      <![CDATA[Ingresar valor de busqueda [Selenium]]]>
    </line>
    <line>
      <![CDATA[Ingresamos ENTER]]>
    </line>
    <line>
      <![CDATA[Idioma de URL actual [pt]]]>
    </line>
    <line>
      <![CDATA[Titulo resultado  [Selênio]]]>
    </line>
    <line>
      <![CDATA[Comparamos los valores y validamos que coincidan]]>
    </line>
    <line>
      <![CDATA[[NO COINCIDEN] [posee caracteres especiales, acentos, etc]]]>
    </line>
    <line>
      <![CDATA[Cerrando Browser...]]>
    </line>
    <line>
      <![CDATA[Abriendo Browser...]]>
    </line>
    <line>
      <![CDATA[Ingresar idioma [es]]]>
    </line>
    <line>
      <![CDATA[Ingresar valor de busqueda [Selenium]]]>
    </line>
    <line>
      <![CDATA[Ingresamos ENTER]]>
    </line>
    <line>
      <![CDATA[Idioma de URL actual [es]]]>
    </line>
    <line>
      <![CDATA[Titulo resultado  [Selenium]]]>
    </line>
    <line>
      <![CDATA[Comparamos los valores y validamos que coincidan]]>
    </line>
    <line>
      <![CDATA[[COINCIDEN]]]>
    </line>
    <line>
      <![CDATA[Validamos idioma previamente seleccionado y pasado por parametro]]>
    </line>
    <line>
      <![CDATA[[ COINCIDEN]]]>
    </line>
    <line>
      <![CDATA[Cerrando Browser...]]>
    </line>
    <line>
      <![CDATA[Abriendo Browser...]]>
    </line>
    <line>
      <![CDATA[Ingresar idioma [en]]]>
    </line>
    <line>
      <![CDATA[Ingresar valor de busqueda [Selenium]]]>
    </line>
    <line>
      <![CDATA[Ingresamos ENTER]]>
    </line>
    <line>
      <![CDATA[Idioma de URL actual [es]]]>
    </line>
    <line>
      <![CDATA[Titulo resultado  [Selenium]]]>
    </line>
    <line>
      <![CDATA[Comparamos los valores y validamos que coincidan]]>
    </line>
    <line>
      <![CDATA[[COINCIDEN]]]>
    </line>
    <line>
      <![CDATA[Validamos idioma previamente seleccionado y pasado por parametro]]>
    </line>
    <line>
      <![CDATA[[NO COINCIDEN]]]>
    </line>
    <line>
      <![CDATA[Cerrando Browser...]]>
    </line>
    <line>
      <![CDATA[Abriendo Browser...]]>
    </line>
    <line>
      <![CDATA[Ingresar idioma [pl]]]>
    </line>
    <line>
      <![CDATA[Ingresar valor de busqueda [Selenium]]]>
    </line>
    <line>
      <![CDATA[Ingresamos ENTER]]>
    </line>
    <line>
      <![CDATA[Idioma de URL actual [pt]]]>
    </line>
    <line>
      <![CDATA[Titulo resultado  [Selênio]]]>
    </line>
    <line>
      <![CDATA[Comparamos los valores y validamos que coincidan]]>
    </line>
    <line>
      <![CDATA[[NO COINCIDEN] [posee caracteres especiales, acentos, etc]]]>
    </line>
    <line>
      <![CDATA[Cerrando Browser...]]>
    </line>
    <line>
      <![CDATA[Abriendo Browser...]]>
    </line>
    <line>
      <![CDATA[Ingresar idioma [es]]]>
    </line>
    <line>
      <![CDATA[Ingresar valor de busqueda [Selenium]]]>
    </line>
    <line>
      <![CDATA[Ingresamos ENTER]]>
    </line>
    <line>
      <![CDATA[Idioma de URL actual [es]]]>
    </line>
    <line>
      <![CDATA[Titulo resultado  [Selenium]]]>
    </line>
    <line>
      <![CDATA[Comparamos los valores y validamos que coincidan]]>
    </line>
    <line>
      <![CDATA[[COINCIDEN]]]>
    </line>
    <line>
      <![CDATA[Validamos idioma previamente seleccionado y pasado por parametro]]>
    </line>
    <line>
      <![CDATA[[ COINCIDEN]]]>
    </line>
    <line>
      <![CDATA[Cerrando Browser...]]>
    </line>
    <line>
      <![CDATA[Abriendo Browser...]]>
    </line>
    <line>
      <![CDATA[Ingresar idioma [en]]]>
    </line>
    <line>
      <![CDATA[Ingresar valor de busqueda [Selenium]]]>
    </line>
    <line>
      <![CDATA[Ingresamos ENTER]]>
    </line>
    <line>
      <![CDATA[Idioma de URL actual [es]]]>
    </line>
    <line>
      <![CDATA[Titulo resultado  [Selenium]]]>
    </line>
    <line>
      <![CDATA[Comparamos los valores y validamos que coincidan]]>
    </line>
    <line>
      <![CDATA[[COINCIDEN]]]>
    </line>
    <line>
      <![CDATA[Validamos idioma previamente seleccionado y pasado por parametro]]>
    </line>
    <line>
      <![CDATA[[NO COINCIDEN]]]>
    </line>
    <line>
      <![CDATA[Cerrando Browser...]]>
    </line>
    <line>
      <![CDATA[Abriendo Browser...]]>
    </line>
    <line>
      <![CDATA[Ingresar idioma [pl]]]>
    </line>
    <line>
      <![CDATA[Ingresar valor de busqueda [Selenium]]]>
    </line>
    <line>
      <![CDATA[Ingresamos ENTER]]>
    </line>
    <line>
      <![CDATA[Idioma de URL actual [pt]]]>
    </line>
    <line>
      <![CDATA[Titulo resultado  [Selênio]]]>
    </line>
    <line>
      <![CDATA[Comparamos los valores y validamos que coincidan]]>
    </line>
    <line>
      <![CDATA[[NO COINCIDEN] [posee caracteres especiales, acentos, etc]]]>
    </line>
    <line>
      <![CDATA[Cerrando Browser...]]>
    </line>
    <line>
      <![CDATA[Abriendo Browser...]]>
    </line>
    <line>
      <![CDATA[Ingresar idioma [es]]]>
    </line>
    <line>
      <![CDATA[Ingresar valor de busqueda [Selenium]]]>
    </line>
    <line>
      <![CDATA[Ingresamos ENTER]]>
    </line>
    <line>
      <![CDATA[Idioma de URL actual [es]]]>
    </line>
    <line>
      <![CDATA[Titulo resultado  [Selenium]]]>
    </line>
    <line>
      <![CDATA[Comparamos los valores y validamos que coincidan]]>
    </line>
    <line>
      <![CDATA[[COINCIDEN]]]>
    </line>
    <line>
      <![CDATA[Validamos idioma previamente seleccionado y pasado por parametro]]>
    </line>
    <line>
      <![CDATA[[ COINCIDEN]]]>
    </line>
    <line>
      <![CDATA[Cerrando Browser...]]>
    </line>
    <line>
      <![CDATA[Abriendo Browser...]]>
    </line>
    <line>
      <![CDATA[Ingresar idioma [en]]]>
    </line>
    <line>
      <![CDATA[Ingresar valor de busqueda [Selenium]]]>
    </line>
    <line>
      <![CDATA[Ingresamos ENTER]]>
    </line>
    <line>
      <![CDATA[Idioma de URL actual [es]]]>
    </line>
    <line>
      <![CDATA[Titulo resultado  [Selenium]]]>
    </line>
    <line>
      <![CDATA[Comparamos los valores y validamos que coincidan]]>
    </line>
    <line>
      <![CDATA[[COINCIDEN]]]>
    </line>
    <line>
      <![CDATA[Validamos idioma previamente seleccionado y pasado por parametro]]>
    </line>
    <line>
      <![CDATA[[NO COINCIDEN]]]>
    </line>
    <line>
      <![CDATA[Cerrando Browser...]]>
    </line>
    <line>
      <![CDATA[Abriendo Browser...]]>
    </line>
    <line>
      <![CDATA[Ingresar idioma [pl]]]>
    </line>
    <line>
      <![CDATA[Ingresar valor de busqueda [Selenium]]]>
    </line>
    <line>
      <![CDATA[Ingresamos ENTER]]>
    </line>
    <line>
      <![CDATA[Idioma de URL actual [pt]]]>
    </line>
    <line>
      <![CDATA[Titulo resultado  [Selênio]]]>
    </line>
    <line>
      <![CDATA[Comparamos los valores y validamos que coincidan]]>
    </line>
    <line>
      <![CDATA[[NO COINCIDEN] [posee caracteres especiales, acentos, etc]]]>
    </line>
    <line>
      <![CDATA[Cerrando Browser...]]>
    </line>
  </reporter-output>
  <suite started-at="2023-06-28T17:01:41 ART" name="Suite" finished-at="2023-06-28T17:03:36 ART" duration-ms="114983">
    <groups>
    </groups>
    <test started-at="2023-06-28T17:01:41 ART" name="Test" finished-at="2023-06-28T17:03:36 ART" duration-ms="114983">
      <class name="com.selenium.test.WikiTest2">
        <test-method is-config="true" signature="abrirBrowser(org.testng.ITestContext)[pri:0, instance:com.selenium.test.WikiTest2@6631f5ca]" started-at="2023-06-28T17:01:42 ART" name="abrirBrowser" finished-at="2023-06-28T17:01:47 ART" duration-ms="5232" status="PASS">
          <params>
            <param index="0">
              <value>
                <![CDATA[org.testng.TestRunner@2b7facc7]]>
              </value>
            </param>
          </params>
          <reporter-output>
            <line>
              <![CDATA[Abriendo Browser...]]>
            </line>
          </reporter-output>
        </test-method> <!-- abrirBrowser -->
        <test-method signature="Busqueda_Version_TDD_Excel(java.lang.String,java.lang.String,java.lang.String)[pri:1, instance:com.selenium.test.WikiTest2@6631f5ca]" started-at="2023-06-28T17:01:47 ART" name="Busqueda_Version_TDD_Excel" description="Validar busqueda funciona ok recibiendo como entrada un archivo excel-TDD" data-provider="DatosNuevos" finished-at="2023-06-28T17:01:49 ART" duration-ms="2458" status="PASS">
          <params>
            <param index="0">
              <value>
                <![CDATA[es]]>
              </value>
            </param>
            <param index="1">
              <value>
                <![CDATA[Selenium]]>
              </value>
            </param>
            <param index="2">
              <value>
                <![CDATA[Selenium]]>
              </value>
            </param>
          </params>
          <reporter-output>
            <line>
              <![CDATA[Ingresar idioma [es]]]>
            </line>
            <line>
              <![CDATA[Ingresar valor de busqueda [Selenium]]]>
            </line>
            <line>
              <![CDATA[Ingresamos ENTER]]>
            </line>
            <line>
              <![CDATA[Idioma de URL actual [es]]]>
            </line>
            <line>
              <![CDATA[Titulo resultado  [Selenium]]]>
            </line>
            <line>
              <![CDATA[Comparamos los valores y validamos que coincidan]]>
            </line>
            <line>
              <![CDATA[[COINCIDEN]]]>
            </line>
            <line>
              <![CDATA[Validamos idioma previamente seleccionado y pasado por parametro]]>
            </line>
            <line>
              <![CDATA[[ COINCIDEN]]]>
            </line>
          </reporter-output>
        </test-method> <!-- Busqueda_Version_TDD_Excel -->
        <test-method is-config="true" signature="postCondicion()[pri:0, instance:com.selenium.test.WikiTest2@6631f5ca]" started-at="2023-06-28T17:01:49 ART" name="postCondicion" finished-at="2023-06-28T17:01:51 ART" duration-ms="1277" status="PASS">
          <reporter-output>
            <line>
              <![CDATA[Cerrando Browser...]]>
            </line>
          </reporter-output>
        </test-method> <!-- postCondicion -->
        <test-method is-config="true" signature="abrirBrowser(org.testng.ITestContext)[pri:0, instance:com.selenium.test.WikiTest2@6631f5ca]" started-at="2023-06-28T17:01:51 ART" name="abrirBrowser" finished-at="2023-06-28T17:01:54 ART" duration-ms="3388" status="PASS">
          <params>
            <param index="0">
              <value>
                <![CDATA[org.testng.TestRunner@2b7facc7]]>
              </value>
            </param>
          </params>
          <reporter-output>
            <line>
              <![CDATA[Abriendo Browser...]]>
            </line>
          </reporter-output>
        </test-method> <!-- abrirBrowser -->
        <test-method signature="Busqueda_Version_TDD_Excel(java.lang.String,java.lang.String,java.lang.String)[pri:1, instance:com.selenium.test.WikiTest2@6631f5ca]" started-at="2023-06-28T17:01:54 ART" name="Busqueda_Version_TDD_Excel" description="Validar busqueda funciona ok recibiendo como entrada un archivo excel-TDD" data-provider="DatosNuevos" finished-at="2023-06-28T17:01:57 ART" duration-ms="2704" status="FAIL">
          <params>
            <param index="0">
              <value>
                <![CDATA[en]]>
              </value>
            </param>
            <param index="1">
              <value>
                <![CDATA[Selenium]]>
              </value>
            </param>
            <param index="2">
              <value>
                <![CDATA[Selenium]]>
              </value>
            </param>
          </params>
          <exception class="java.lang.AssertionError">
            <message>
              <![CDATA[expected [true] but found [false]]]>
            </message>
            <full-stacktrace>
              <![CDATA[java.lang.AssertionError: expected [true] but found [false]
at org.testng.Assert.fail(Assert.java:99)
at org.testng.Assert.failNotEquals(Assert.java:1037)
at org.testng.Assert.assertTrue(Assert.java:45)
at org.testng.Assert.assertTrue(Assert.java:55)
at com.selenium.page.WikiHomePage.ingresarBusquedaV2(WikiHomePage.java:278)
at com.selenium.test.WikiTest2.Busqueda_Version_TDD_Excel(WikiTest2.java:86)
at java.base/jdk.internal.reflect.NativeMethodAccessorImpl.invoke0(Native Method)
at java.base/jdk.internal.reflect.NativeMethodAccessorImpl.invoke(NativeMethodAccessorImpl.java:62)
at java.base/jdk.internal.reflect.DelegatingMethodAccessorImpl.invoke(DelegatingMethodAccessorImpl.java:43)
at java.base/java.lang.reflect.Method.invoke(Method.java:566)
at org.testng.internal.MethodInvocationHelper.invokeMethod(MethodInvocationHelper.java:133)
at org.testng.internal.TestInvoker.invokeMethod(TestInvoker.java:598)
at org.testng.internal.TestInvoker.invokeTestMethod(TestInvoker.java:173)
at org.testng.internal.MethodRunner.runInSequence(MethodRunner.java:46)
at org.testng.internal.TestInvoker$MethodInvocationAgent.invoke(TestInvoker.java:824)
at org.testng.internal.TestInvoker.invokeTestMethods(TestInvoker.java:146)
at org.testng.internal.TestMethodWorker.invokeTestMethods(TestMethodWorker.java:146)
at org.testng.internal.TestMethodWorker.run(TestMethodWorker.java:128)
at java.base/java.util.ArrayList.forEach(ArrayList.java:1541)
at org.testng.TestRunner.privateRun(TestRunner.java:794)
at org.testng.TestRunner.run(TestRunner.java:596)
at org.testng.SuiteRunner.runTest(SuiteRunner.java:377)
at org.testng.SuiteRunner.runSequentially(SuiteRunner.java:371)
at org.testng.SuiteRunner.privateRun(SuiteRunner.java:332)
at org.testng.SuiteRunner.run(SuiteRunner.java:276)
at org.testng.SuiteRunnerWorker.runSuite(SuiteRunnerWorker.java:53)
at org.testng.SuiteRunnerWorker.run(SuiteRunnerWorker.java:96)
at org.testng.TestNG.runSuitesSequentially(TestNG.java:1212)
at org.testng.TestNG.runSuitesLocally(TestNG.java:1134)
at org.testng.TestNG.runSuites(TestNG.java:1063)
at org.testng.TestNG.run(TestNG.java:1031)
at org.apache.maven.surefire.testng.TestNGExecutor.run(TestNGExecutor.java:283)
at org.apache.maven.surefire.testng.TestNGXmlTestSuite.execute(TestNGXmlTestSuite.java:75)
at org.apache.maven.surefire.testng.TestNGProvider.invoke(TestNGProvider.java:120)
at org.apache.maven.surefire.booter.ForkedBooter.invokeProviderInSameClassLoader(ForkedBooter.java:384)
at org.apache.maven.surefire.booter.ForkedBooter.runSuitesInProcess(ForkedBooter.java:345)
at org.apache.maven.surefire.booter.ForkedBooter.execute(ForkedBooter.java:126)
at org.apache.maven.surefire.booter.ForkedBooter.main(ForkedBooter.java:418)
]]>
            </full-stacktrace>
          </exception> <!-- java.lang.AssertionError -->
          <reporter-output>
            <line>
              <![CDATA[Ingresar idioma [en]]]>
            </line>
            <line>
              <![CDATA[Ingresar valor de busqueda [Selenium]]]>
            </line>
            <line>
              <![CDATA[Ingresamos ENTER]]>
            </line>
            <line>
              <![CDATA[Idioma de URL actual [es]]]>
            </line>
            <line>
              <![CDATA[Titulo resultado  [Selenium]]]>
            </line>
            <line>
              <![CDATA[Comparamos los valores y validamos que coincidan]]>
            </line>
            <line>
              <![CDATA[[COINCIDEN]]]>
            </line>
            <line>
              <![CDATA[Validamos idioma previamente seleccionado y pasado por parametro]]>
            </line>
            <line>
              <![CDATA[[NO COINCIDEN]]]>
            </line>
          </reporter-output>
        </test-method> <!-- Busqueda_Version_TDD_Excel -->
        <test-method is-config="true" signature="postCondicion()[pri:0, instance:com.selenium.test.WikiTest2@6631f5ca]" started-at="2023-06-28T17:01:57 ART" name="postCondicion" finished-at="2023-06-28T17:01:58 ART" duration-ms="1329" status="PASS">
          <reporter-output>
            <line>
              <![CDATA[Cerrando Browser...]]>
            </line>
          </reporter-output>
        </test-method> <!-- postCondicion -->
        <test-method is-config="true" signature="abrirBrowser(org.testng.ITestContext)[pri:0, instance:com.selenium.test.WikiTest2@6631f5ca]" started-at="2023-06-28T17:01:58 ART" name="abrirBrowser" finished-at="2023-06-28T17:02:01 ART" duration-ms="3382" status="PASS">
          <params>
            <param index="0">
              <value>
                <![CDATA[org.testng.TestRunner@2b7facc7]]>
              </value>
            </param>
          </params>
          <reporter-output>
            <line>
              <![CDATA[Abriendo Browser...]]>
            </line>
          </reporter-output>
        </test-method> <!-- abrirBrowser -->
        <test-method signature="Busqueda_Version_TDD_Excel(java.lang.String,java.lang.String,java.lang.String)[pri:1, instance:com.selenium.test.WikiTest2@6631f5ca]" started-at="2023-06-28T17:02:01 ART" name="Busqueda_Version_TDD_Excel" description="Validar busqueda funciona ok recibiendo como entrada un archivo excel-TDD" data-provider="DatosNuevos" finished-at="2023-06-28T17:02:04 ART" duration-ms="2821" status="FAIL">
          <params>
            <param index="0">
              <value>
                <![CDATA[pl]]>
              </value>
            </param>
            <param index="1">
              <value>
                <![CDATA[Selenium]]>
              </value>
            </param>
            <param index="2">
              <value>
                <![CDATA[Selênio]]>
              </value>
            </param>
          </params>
          <exception class="java.lang.AssertionError">
            <message>
              <![CDATA[expected [true] but found [false]]]>
            </message>
            <full-stacktrace>
              <![CDATA[java.lang.AssertionError: expected [true] but found [false]
at org.testng.Assert.fail(Assert.java:99)
at org.testng.Assert.failNotEquals(Assert.java:1037)
at org.testng.Assert.assertTrue(Assert.java:45)
at org.testng.Assert.assertTrue(Assert.java:55)
at com.selenium.page.WikiHomePage.ingresarBusquedaV2(WikiHomePage.java:275)
at com.selenium.test.WikiTest2.Busqueda_Version_TDD_Excel(WikiTest2.java:86)
at java.base/jdk.internal.reflect.NativeMethodAccessorImpl.invoke0(Native Method)
at java.base/jdk.internal.reflect.NativeMethodAccessorImpl.invoke(NativeMethodAccessorImpl.java:62)
at java.base/jdk.internal.reflect.DelegatingMethodAccessorImpl.invoke(DelegatingMethodAccessorImpl.java:43)
at java.base/java.lang.reflect.Method.invoke(Method.java:566)
at org.testng.internal.MethodInvocationHelper.invokeMethod(MethodInvocationHelper.java:133)
at org.testng.internal.TestInvoker.invokeMethod(TestInvoker.java:598)
at org.testng.internal.TestInvoker.invokeTestMethod(TestInvoker.java:173)
at org.testng.internal.MethodRunner.runInSequence(MethodRunner.java:46)
at org.testng.internal.TestInvoker$MethodInvocationAgent.invoke(TestInvoker.java:824)
at org.testng.internal.TestInvoker.invokeTestMethods(TestInvoker.java:146)
at org.testng.internal.TestMethodWorker.invokeTestMethods(TestMethodWorker.java:146)
at org.testng.internal.TestMethodWorker.run(TestMethodWorker.java:128)
at java.base/java.util.ArrayList.forEach(ArrayList.java:1541)
at org.testng.TestRunner.privateRun(TestRunner.java:794)
at org.testng.TestRunner.run(TestRunner.java:596)
at org.testng.SuiteRunner.runTest(SuiteRunner.java:377)
at org.testng.SuiteRunner.runSequentially(SuiteRunner.java:371)
at org.testng.SuiteRunner.privateRun(SuiteRunner.java:332)
at org.testng.SuiteRunner.run(SuiteRunner.java:276)
at org.testng.SuiteRunnerWorker.runSuite(SuiteRunnerWorker.java:53)
at org.testng.SuiteRunnerWorker.run(SuiteRunnerWorker.java:96)
at org.testng.TestNG.runSuitesSequentially(TestNG.java:1212)
at org.testng.TestNG.runSuitesLocally(TestNG.java:1134)
at org.testng.TestNG.runSuites(TestNG.java:1063)
at org.testng.TestNG.run(TestNG.java:1031)
at org.apache.maven.surefire.testng.TestNGExecutor.run(TestNGExecutor.java:283)
at org.apache.maven.surefire.testng.TestNGXmlTestSuite.execute(TestNGXmlTestSuite.java:75)
at org.apache.maven.surefire.testng.TestNGProvider.invoke(TestNGProvider.java:120)
at org.apache.maven.surefire.booter.ForkedBooter.invokeProviderInSameClassLoader(ForkedBooter.java:384)
at org.apache.maven.surefire.booter.ForkedBooter.runSuitesInProcess(ForkedBooter.java:345)
at org.apache.maven.surefire.booter.ForkedBooter.execute(ForkedBooter.java:126)
at org.apache.maven.surefire.booter.ForkedBooter.main(ForkedBooter.java:418)
]]>
            </full-stacktrace>
          </exception> <!-- java.lang.AssertionError -->
          <reporter-output>
            <line>
              <![CDATA[Ingresar idioma [pl]]]>
            </line>
            <line>
              <![CDATA[Ingresar valor de busqueda [Selenium]]]>
            </line>
            <line>
              <![CDATA[Ingresamos ENTER]]>
            </line>
            <line>
              <![CDATA[Idioma de URL actual [pt]]]>
            </line>
            <line>
              <![CDATA[Titulo resultado  [Selênio]]]>
            </line>
            <line>
              <![CDATA[Comparamos los valores y validamos que coincidan]]>
            </line>
            <line>
              <![CDATA[[NO COINCIDEN] [posee caracteres especiales, acentos, etc]]]>
            </line>
          </reporter-output>
        </test-method> <!-- Busqueda_Version_TDD_Excel -->
        <test-method is-config="true" signature="postCondicion()[pri:0, instance:com.selenium.test.WikiTest2@6631f5ca]" started-at="2023-06-28T17:02:04 ART" name="postCondicion" finished-at="2023-06-28T17:02:06 ART" duration-ms="1361" status="PASS">
          <reporter-output>
            <line>
              <![CDATA[Cerrando Browser...]]>
            </line>
          </reporter-output>
        </test-method> <!-- postCondicion -->
        <test-method is-config="true" signature="abrirBrowser(org.testng.ITestContext)[pri:0, instance:com.selenium.test.WikiTest2@6631f5ca]" started-at="2023-06-28T17:02:06 ART" name="abrirBrowser" finished-at="2023-06-28T17:02:09 ART" duration-ms="3512" status="PASS">
          <params>
            <param index="0">
              <value>
                <![CDATA[org.testng.TestRunner@2b7facc7]]>
              </value>
            </param>
          </params>
          <reporter-output>
            <line>
              <![CDATA[Abriendo Browser...]]>
            </line>
          </reporter-output>
        </test-method> <!-- abrirBrowser -->
        <test-method signature="Busqueda_Version_TDD_Excel(java.lang.String,java.lang.String,java.lang.String)[pri:1, instance:com.selenium.test.WikiTest2@6631f5ca]" started-at="2023-06-28T17:02:09 ART" name="Busqueda_Version_TDD_Excel" description="Validar busqueda funciona ok recibiendo como entrada un archivo excel-TDD" data-provider="DatosNuevos" finished-at="2023-06-28T17:02:11 ART" duration-ms="2364" status="PASS">
          <params>
            <param index="0">
              <value>
                <![CDATA[es]]>
              </value>
            </param>
            <param index="1">
              <value>
                <![CDATA[Selenium]]>
              </value>
            </param>
            <param index="2">
              <value>
                <![CDATA[Selenium]]>
              </value>
            </param>
          </params>
          <reporter-output>
            <line>
              <![CDATA[Ingresar idioma [es]]]>
            </line>
            <line>
              <![CDATA[Ingresar valor de busqueda [Selenium]]]>
            </line>
            <line>
              <![CDATA[Ingresamos ENTER]]>
            </line>
            <line>
              <![CDATA[Idioma de URL actual [es]]]>
            </line>
            <line>
              <![CDATA[Titulo resultado  [Selenium]]]>
            </line>
            <line>
              <![CDATA[Comparamos los valores y validamos que coincidan]]>
            </line>
            <line>
              <![CDATA[[COINCIDEN]]]>
            </line>
            <line>
              <![CDATA[Validamos idioma previamente seleccionado y pasado por parametro]]>
            </line>
            <line>
              <![CDATA[[ COINCIDEN]]]>
            </line>
          </reporter-output>
        </test-method> <!-- Busqueda_Version_TDD_Excel -->
        <test-method is-config="true" signature="postCondicion()[pri:0, instance:com.selenium.test.WikiTest2@6631f5ca]" started-at="2023-06-28T17:02:11 ART" name="postCondicion" finished-at="2023-06-28T17:02:13 ART" duration-ms="1331" status="PASS">
          <reporter-output>
            <line>
              <![CDATA[Cerrando Browser...]]>
            </line>
          </reporter-output>
        </test-method> <!-- postCondicion -->
        <test-method is-config="true" signature="abrirBrowser(org.testng.ITestContext)[pri:0, instance:com.selenium.test.WikiTest2@6631f5ca]" started-at="2023-06-28T17:02:13 ART" name="abrirBrowser" finished-at="2023-06-28T17:02:16 ART" duration-ms="3467" status="PASS">
          <params>
            <param index="0">
              <value>
                <![CDATA[org.testng.TestRunner@2b7facc7]]>
              </value>
            </param>
          </params>
          <reporter-output>
            <line>
              <![CDATA[Abriendo Browser...]]>
            </line>
          </reporter-output>
        </test-method> <!-- abrirBrowser -->
        <test-method signature="Busqueda_Version_TDD_Excel(java.lang.String,java.lang.String,java.lang.String)[pri:1, instance:com.selenium.test.WikiTest2@6631f5ca]" started-at="2023-06-28T17:02:16 ART" name="Busqueda_Version_TDD_Excel" description="Validar busqueda funciona ok recibiendo como entrada un archivo excel-TDD" data-provider="DatosNuevos" finished-at="2023-06-28T17:02:19 ART" duration-ms="2479" status="FAIL">
          <params>
            <param index="0">
              <value>
                <![CDATA[en]]>
              </value>
            </param>
            <param index="1">
              <value>
                <![CDATA[Selenium]]>
              </value>
            </param>
            <param index="2">
              <value>
                <![CDATA[Selenium]]>
              </value>
            </param>
          </params>
          <exception class="java.lang.AssertionError">
            <message>
              <![CDATA[expected [true] but found [false]]]>
            </message>
            <full-stacktrace>
              <![CDATA[java.lang.AssertionError: expected [true] but found [false]
at org.testng.Assert.fail(Assert.java:99)
at org.testng.Assert.failNotEquals(Assert.java:1037)
at org.testng.Assert.assertTrue(Assert.java:45)
at org.testng.Assert.assertTrue(Assert.java:55)
at com.selenium.page.WikiHomePage.ingresarBusquedaV2(WikiHomePage.java:278)
at com.selenium.test.WikiTest2.Busqueda_Version_TDD_Excel(WikiTest2.java:86)
at java.base/jdk.internal.reflect.NativeMethodAccessorImpl.invoke0(Native Method)
at java.base/jdk.internal.reflect.NativeMethodAccessorImpl.invoke(NativeMethodAccessorImpl.java:62)
at java.base/jdk.internal.reflect.DelegatingMethodAccessorImpl.invoke(DelegatingMethodAccessorImpl.java:43)
at java.base/java.lang.reflect.Method.invoke(Method.java:566)
at org.testng.internal.MethodInvocationHelper.invokeMethod(MethodInvocationHelper.java:133)
at org.testng.internal.TestInvoker.invokeMethod(TestInvoker.java:598)
at org.testng.internal.TestInvoker.invokeTestMethod(TestInvoker.java:173)
at org.testng.internal.MethodRunner.runInSequence(MethodRunner.java:46)
at org.testng.internal.TestInvoker$MethodInvocationAgent.invoke(TestInvoker.java:824)
at org.testng.internal.TestInvoker.invokeTestMethods(TestInvoker.java:146)
at org.testng.internal.TestMethodWorker.invokeTestMethods(TestMethodWorker.java:146)
at org.testng.internal.TestMethodWorker.run(TestMethodWorker.java:128)
at java.base/java.util.ArrayList.forEach(ArrayList.java:1541)
at org.testng.TestRunner.privateRun(TestRunner.java:794)
at org.testng.TestRunner.run(TestRunner.java:596)
at org.testng.SuiteRunner.runTest(SuiteRunner.java:377)
at org.testng.SuiteRunner.runSequentially(SuiteRunner.java:371)
at org.testng.SuiteRunner.privateRun(SuiteRunner.java:332)
at org.testng.SuiteRunner.run(SuiteRunner.java:276)
at org.testng.SuiteRunnerWorker.runSuite(SuiteRunnerWorker.java:53)
at org.testng.SuiteRunnerWorker.run(SuiteRunnerWorker.java:96)
at org.testng.TestNG.runSuitesSequentially(TestNG.java:1212)
at org.testng.TestNG.runSuitesLocally(TestNG.java:1134)
at org.testng.TestNG.runSuites(TestNG.java:1063)
at org.testng.TestNG.run(TestNG.java:1031)
at org.apache.maven.surefire.testng.TestNGExecutor.run(TestNGExecutor.java:283)
at org.apache.maven.surefire.testng.TestNGXmlTestSuite.execute(TestNGXmlTestSuite.java:75)
at org.apache.maven.surefire.testng.TestNGProvider.invoke(TestNGProvider.java:120)
at org.apache.maven.surefire.booter.ForkedBooter.invokeProviderInSameClassLoader(ForkedBooter.java:384)
at org.apache.maven.surefire.booter.ForkedBooter.runSuitesInProcess(ForkedBooter.java:345)
at org.apache.maven.surefire.booter.ForkedBooter.execute(ForkedBooter.java:126)
at org.apache.maven.surefire.booter.ForkedBooter.main(ForkedBooter.java:418)
]]>
            </full-stacktrace>
          </exception> <!-- java.lang.AssertionError -->
          <reporter-output>
            <line>
              <![CDATA[Ingresar idioma [en]]]>
            </line>
            <line>
              <![CDATA[Ingresar valor de busqueda [Selenium]]]>
            </line>
            <line>
              <![CDATA[Ingresamos ENTER]]>
            </line>
            <line>
              <![CDATA[Idioma de URL actual [es]]]>
            </line>
            <line>
              <![CDATA[Titulo resultado  [Selenium]]]>
            </line>
            <line>
              <![CDATA[Comparamos los valores y validamos que coincidan]]>
            </line>
            <line>
              <![CDATA[[COINCIDEN]]]>
            </line>
            <line>
              <![CDATA[Validamos idioma previamente seleccionado y pasado por parametro]]>
            </line>
            <line>
              <![CDATA[[NO COINCIDEN]]]>
            </line>
          </reporter-output>
        </test-method> <!-- Busqueda_Version_TDD_Excel -->
        <test-method is-config="true" signature="postCondicion()[pri:0, instance:com.selenium.test.WikiTest2@6631f5ca]" started-at="2023-06-28T17:02:19 ART" name="postCondicion" finished-at="2023-06-28T17:02:20 ART" duration-ms="1478" status="PASS">
          <reporter-output>
            <line>
              <![CDATA[Cerrando Browser...]]>
            </line>
          </reporter-output>
        </test-method> <!-- postCondicion -->
        <test-method is-config="true" signature="abrirBrowser(org.testng.ITestContext)[pri:0, instance:com.selenium.test.WikiTest2@6631f5ca]" started-at="2023-06-28T17:02:20 ART" name="abrirBrowser" finished-at="2023-06-28T17:02:24 ART" duration-ms="3350" status="PASS">
          <params>
            <param index="0">
              <value>
                <![CDATA[org.testng.TestRunner@2b7facc7]]>
              </value>
            </param>
          </params>
          <reporter-output>
            <line>
              <![CDATA[Abriendo Browser...]]>
            </line>
          </reporter-output>
        </test-method> <!-- abrirBrowser -->
        <test-method signature="Busqueda_Version_TDD_Excel(java.lang.String,java.lang.String,java.lang.String)[pri:1, instance:com.selenium.test.WikiTest2@6631f5ca]" started-at="2023-06-28T17:02:24 ART" name="Busqueda_Version_TDD_Excel" description="Validar busqueda funciona ok recibiendo como entrada un archivo excel-TDD" data-provider="DatosNuevos" finished-at="2023-06-28T17:02:26 ART" duration-ms="2626" status="FAIL">
          <params>
            <param index="0">
              <value>
                <![CDATA[pl]]>
              </value>
            </param>
            <param index="1">
              <value>
                <![CDATA[Selenium]]>
              </value>
            </param>
            <param index="2">
              <value>
                <![CDATA[Selênio]]>
              </value>
            </param>
          </params>
          <exception class="java.lang.AssertionError">
            <message>
              <![CDATA[expected [true] but found [false]]]>
            </message>
            <full-stacktrace>
              <![CDATA[java.lang.AssertionError: expected [true] but found [false]
at org.testng.Assert.fail(Assert.java:99)
at org.testng.Assert.failNotEquals(Assert.java:1037)
at org.testng.Assert.assertTrue(Assert.java:45)
at org.testng.Assert.assertTrue(Assert.java:55)
at com.selenium.page.WikiHomePage.ingresarBusquedaV2(WikiHomePage.java:275)
at com.selenium.test.WikiTest2.Busqueda_Version_TDD_Excel(WikiTest2.java:86)
at java.base/jdk.internal.reflect.NativeMethodAccessorImpl.invoke0(Native Method)
at java.base/jdk.internal.reflect.NativeMethodAccessorImpl.invoke(NativeMethodAccessorImpl.java:62)
at java.base/jdk.internal.reflect.DelegatingMethodAccessorImpl.invoke(DelegatingMethodAccessorImpl.java:43)
at java.base/java.lang.reflect.Method.invoke(Method.java:566)
at org.testng.internal.MethodInvocationHelper.invokeMethod(MethodInvocationHelper.java:133)
at org.testng.internal.TestInvoker.invokeMethod(TestInvoker.java:598)
at org.testng.internal.TestInvoker.invokeTestMethod(TestInvoker.java:173)
at org.testng.internal.MethodRunner.runInSequence(MethodRunner.java:46)
at org.testng.internal.TestInvoker$MethodInvocationAgent.invoke(TestInvoker.java:824)
at org.testng.internal.TestInvoker.invokeTestMethods(TestInvoker.java:146)
at org.testng.internal.TestMethodWorker.invokeTestMethods(TestMethodWorker.java:146)
at org.testng.internal.TestMethodWorker.run(TestMethodWorker.java:128)
at java.base/java.util.ArrayList.forEach(ArrayList.java:1541)
at org.testng.TestRunner.privateRun(TestRunner.java:794)
at org.testng.TestRunner.run(TestRunner.java:596)
at org.testng.SuiteRunner.runTest(SuiteRunner.java:377)
at org.testng.SuiteRunner.runSequentially(SuiteRunner.java:371)
at org.testng.SuiteRunner.privateRun(SuiteRunner.java:332)
at org.testng.SuiteRunner.run(SuiteRunner.java:276)
at org.testng.SuiteRunnerWorker.runSuite(SuiteRunnerWorker.java:53)
at org.testng.SuiteRunnerWorker.run(SuiteRunnerWorker.java:96)
at org.testng.TestNG.runSuitesSequentially(TestNG.java:1212)
at org.testng.TestNG.runSuitesLocally(TestNG.java:1134)
at org.testng.TestNG.runSuites(TestNG.java:1063)
at org.testng.TestNG.run(TestNG.java:1031)
at org.apache.maven.surefire.testng.TestNGExecutor.run(TestNGExecutor.java:283)
at org.apache.maven.surefire.testng.TestNGXmlTestSuite.execute(TestNGXmlTestSuite.java:75)
at org.apache.maven.surefire.testng.TestNGProvider.invoke(TestNGProvider.java:120)
at org.apache.maven.surefire.booter.ForkedBooter.invokeProviderInSameClassLoader(ForkedBooter.java:384)
at org.apache.maven.surefire.booter.ForkedBooter.runSuitesInProcess(ForkedBooter.java:345)
at org.apache.maven.surefire.booter.ForkedBooter.execute(ForkedBooter.java:126)
at org.apache.maven.surefire.booter.ForkedBooter.main(ForkedBooter.java:418)
]]>
            </full-stacktrace>
          </exception> <!-- java.lang.AssertionError -->
          <reporter-output>
            <line>
              <![CDATA[Ingresar idioma [pl]]]>
            </line>
            <line>
              <![CDATA[Ingresar valor de busqueda [Selenium]]]>
            </line>
            <line>
              <![CDATA[Ingresamos ENTER]]>
            </line>
            <line>
              <![CDATA[Idioma de URL actual [pt]]]>
            </line>
            <line>
              <![CDATA[Titulo resultado  [Selênio]]]>
            </line>
            <line>
              <![CDATA[Comparamos los valores y validamos que coincidan]]>
            </line>
            <line>
              <![CDATA[[NO COINCIDEN] [posee caracteres especiales, acentos, etc]]]>
            </line>
          </reporter-output>
        </test-method> <!-- Busqueda_Version_TDD_Excel -->
        <test-method is-config="true" signature="postCondicion()[pri:0, instance:com.selenium.test.WikiTest2@6631f5ca]" started-at="2023-06-28T17:02:26 ART" name="postCondicion" finished-at="2023-06-28T17:02:27 ART" duration-ms="1293" status="PASS">
          <reporter-output>
            <line>
              <![CDATA[Cerrando Browser...]]>
            </line>
          </reporter-output>
        </test-method> <!-- postCondicion -->
        <test-method is-config="true" signature="abrirBrowser(org.testng.ITestContext)[pri:0, instance:com.selenium.test.WikiTest2@6631f5ca]" started-at="2023-06-28T17:02:27 ART" name="abrirBrowser" finished-at="2023-06-28T17:02:31 ART" duration-ms="3418" status="PASS">
          <params>
            <param index="0">
              <value>
                <![CDATA[org.testng.TestRunner@2b7facc7]]>
              </value>
            </param>
          </params>
          <reporter-output>
            <line>
              <![CDATA[Abriendo Browser...]]>
            </line>
          </reporter-output>
        </test-method> <!-- abrirBrowser -->
        <test-method signature="Busqueda_Version_TDD_Excel(java.lang.String,java.lang.String,java.lang.String)[pri:1, instance:com.selenium.test.WikiTest2@6631f5ca]" started-at="2023-06-28T17:02:31 ART" name="Busqueda_Version_TDD_Excel" description="Validar busqueda funciona ok recibiendo como entrada un archivo excel-TDD" data-provider="DatosNuevos" finished-at="2023-06-28T17:02:34 ART" duration-ms="2716" status="PASS">
          <params>
            <param index="0">
              <value>
                <![CDATA[es]]>
              </value>
            </param>
            <param index="1">
              <value>
                <![CDATA[Selenium]]>
              </value>
            </param>
            <param index="2">
              <value>
                <![CDATA[Selenium]]>
              </value>
            </param>
          </params>
          <reporter-output>
            <line>
              <![CDATA[Ingresar idioma [es]]]>
            </line>
            <line>
              <![CDATA[Ingresar valor de busqueda [Selenium]]]>
            </line>
            <line>
              <![CDATA[Ingresamos ENTER]]>
            </line>
            <line>
              <![CDATA[Idioma de URL actual [es]]]>
            </line>
            <line>
              <![CDATA[Titulo resultado  [Selenium]]]>
            </line>
            <line>
              <![CDATA[Comparamos los valores y validamos que coincidan]]>
            </line>
            <line>
              <![CDATA[[COINCIDEN]]]>
            </line>
            <line>
              <![CDATA[Validamos idioma previamente seleccionado y pasado por parametro]]>
            </line>
            <line>
              <![CDATA[[ COINCIDEN]]]>
            </line>
          </reporter-output>
        </test-method> <!-- Busqueda_Version_TDD_Excel -->
        <test-method is-config="true" signature="postCondicion()[pri:0, instance:com.selenium.test.WikiTest2@6631f5ca]" started-at="2023-06-28T17:02:34 ART" name="postCondicion" finished-at="2023-06-28T17:02:35 ART" duration-ms="1276" status="PASS">
          <reporter-output>
            <line>
              <![CDATA[Cerrando Browser...]]>
            </line>
          </reporter-output>
        </test-method> <!-- postCondicion -->
        <test-method is-config="true" signature="abrirBrowser(org.testng.ITestContext)[pri:0, instance:com.selenium.test.WikiTest2@6631f5ca]" started-at="2023-06-28T17:02:35 ART" name="abrirBrowser" finished-at="2023-06-28T17:02:38 ART" duration-ms="3400" status="PASS">
          <params>
            <param index="0">
              <value>
                <![CDATA[org.testng.TestRunner@2b7facc7]]>
              </value>
            </param>
          </params>
          <reporter-output>
            <line>
              <![CDATA[Abriendo Browser...]]>
            </line>
          </reporter-output>
        </test-method> <!-- abrirBrowser -->
        <test-method signature="Busqueda_Version_TDD_Excel(java.lang.String,java.lang.String,java.lang.String)[pri:1, instance:com.selenium.test.WikiTest2@6631f5ca]" started-at="2023-06-28T17:02:38 ART" name="Busqueda_Version_TDD_Excel" description="Validar busqueda funciona ok recibiendo como entrada un archivo excel-TDD" data-provider="DatosNuevos" finished-at="2023-06-28T17:02:41 ART" duration-ms="2741" status="FAIL">
          <params>
            <param index="0">
              <value>
                <![CDATA[en]]>
              </value>
            </param>
            <param index="1">
              <value>
                <![CDATA[Selenium]]>
              </value>
            </param>
            <param index="2">
              <value>
                <![CDATA[Selenium]]>
              </value>
            </param>
          </params>
          <exception class="java.lang.AssertionError">
            <message>
              <![CDATA[expected [true] but found [false]]]>
            </message>
            <full-stacktrace>
              <![CDATA[java.lang.AssertionError: expected [true] but found [false]
at org.testng.Assert.fail(Assert.java:99)
at org.testng.Assert.failNotEquals(Assert.java:1037)
at org.testng.Assert.assertTrue(Assert.java:45)
at org.testng.Assert.assertTrue(Assert.java:55)
at com.selenium.page.WikiHomePage.ingresarBusquedaV2(WikiHomePage.java:278)
at com.selenium.test.WikiTest2.Busqueda_Version_TDD_Excel(WikiTest2.java:86)
at java.base/jdk.internal.reflect.NativeMethodAccessorImpl.invoke0(Native Method)
at java.base/jdk.internal.reflect.NativeMethodAccessorImpl.invoke(NativeMethodAccessorImpl.java:62)
at java.base/jdk.internal.reflect.DelegatingMethodAccessorImpl.invoke(DelegatingMethodAccessorImpl.java:43)
at java.base/java.lang.reflect.Method.invoke(Method.java:566)
at org.testng.internal.MethodInvocationHelper.invokeMethod(MethodInvocationHelper.java:133)
at org.testng.internal.TestInvoker.invokeMethod(TestInvoker.java:598)
at org.testng.internal.TestInvoker.invokeTestMethod(TestInvoker.java:173)
at org.testng.internal.MethodRunner.runInSequence(MethodRunner.java:46)
at org.testng.internal.TestInvoker$MethodInvocationAgent.invoke(TestInvoker.java:824)
at org.testng.internal.TestInvoker.invokeTestMethods(TestInvoker.java:146)
at org.testng.internal.TestMethodWorker.invokeTestMethods(TestMethodWorker.java:146)
at org.testng.internal.TestMethodWorker.run(TestMethodWorker.java:128)
at java.base/java.util.ArrayList.forEach(ArrayList.java:1541)
at org.testng.TestRunner.privateRun(TestRunner.java:794)
at org.testng.TestRunner.run(TestRunner.java:596)
at org.testng.SuiteRunner.runTest(SuiteRunner.java:377)
at org.testng.SuiteRunner.runSequentially(SuiteRunner.java:371)
at org.testng.SuiteRunner.privateRun(SuiteRunner.java:332)
at org.testng.SuiteRunner.run(SuiteRunner.java:276)
at org.testng.SuiteRunnerWorker.runSuite(SuiteRunnerWorker.java:53)
at org.testng.SuiteRunnerWorker.run(SuiteRunnerWorker.java:96)
at org.testng.TestNG.runSuitesSequentially(TestNG.java:1212)
at org.testng.TestNG.runSuitesLocally(TestNG.java:1134)
at org.testng.TestNG.runSuites(TestNG.java:1063)
at org.testng.TestNG.run(TestNG.java:1031)
at org.apache.maven.surefire.testng.TestNGExecutor.run(TestNGExecutor.java:283)
at org.apache.maven.surefire.testng.TestNGXmlTestSuite.execute(TestNGXmlTestSuite.java:75)
at org.apache.maven.surefire.testng.TestNGProvider.invoke(TestNGProvider.java:120)
at org.apache.maven.surefire.booter.ForkedBooter.invokeProviderInSameClassLoader(ForkedBooter.java:384)
at org.apache.maven.surefire.booter.ForkedBooter.runSuitesInProcess(ForkedBooter.java:345)
at org.apache.maven.surefire.booter.ForkedBooter.execute(ForkedBooter.java:126)
at org.apache.maven.surefire.booter.ForkedBooter.main(ForkedBooter.java:418)
]]>
            </full-stacktrace>
          </exception> <!-- java.lang.AssertionError -->
          <reporter-output>
            <line>
              <![CDATA[Ingresar idioma [en]]]>
            </line>
            <line>
              <![CDATA[Ingresar valor de busqueda [Selenium]]]>
            </line>
            <line>
              <![CDATA[Ingresamos ENTER]]>
            </line>
            <line>
              <![CDATA[Idioma de URL actual [es]]]>
            </line>
            <line>
              <![CDATA[Titulo resultado  [Selenium]]]>
            </line>
            <line>
              <![CDATA[Comparamos los valores y validamos que coincidan]]>
            </line>
            <line>
              <![CDATA[[COINCIDEN]]]>
            </line>
            <line>
              <![CDATA[Validamos idioma previamente seleccionado y pasado por parametro]]>
            </line>
            <line>
              <![CDATA[[NO COINCIDEN]]]>
            </line>
          </reporter-output>
        </test-method> <!-- Busqueda_Version_TDD_Excel -->
        <test-method is-config="true" signature="postCondicion()[pri:0, instance:com.selenium.test.WikiTest2@6631f5ca]" started-at="2023-06-28T17:02:41 ART" name="postCondicion" finished-at="2023-06-28T17:02:42 ART" duration-ms="1288" status="PASS">
          <reporter-output>
            <line>
              <![CDATA[Cerrando Browser...]]>
            </line>
          </reporter-output>
        </test-method> <!-- postCondicion -->
        <test-method is-config="true" signature="abrirBrowser(org.testng.ITestContext)[pri:0, instance:com.selenium.test.WikiTest2@6631f5ca]" started-at="2023-06-28T17:02:42 ART" name="abrirBrowser" finished-at="2023-06-28T17:02:46 ART" duration-ms="3645" status="PASS">
          <params>
            <param index="0">
              <value>
                <![CDATA[org.testng.TestRunner@2b7facc7]]>
              </value>
            </param>
          </params>
          <reporter-output>
            <line>
              <![CDATA[Abriendo Browser...]]>
            </line>
          </reporter-output>
        </test-method> <!-- abrirBrowser -->
        <test-method signature="Busqueda_Version_TDD_Excel(java.lang.String,java.lang.String,java.lang.String)[pri:1, instance:com.selenium.test.WikiTest2@6631f5ca]" started-at="2023-06-28T17:02:46 ART" name="Busqueda_Version_TDD_Excel" description="Validar busqueda funciona ok recibiendo como entrada un archivo excel-TDD" data-provider="DatosNuevos" finished-at="2023-06-28T17:02:48 ART" duration-ms="2482" status="FAIL">
          <params>
            <param index="0">
              <value>
                <![CDATA[pl]]>
              </value>
            </param>
            <param index="1">
              <value>
                <![CDATA[Selenium]]>
              </value>
            </param>
            <param index="2">
              <value>
                <![CDATA[Selênio]]>
              </value>
            </param>
          </params>
          <exception class="java.lang.AssertionError">
            <message>
              <![CDATA[expected [true] but found [false]]]>
            </message>
            <full-stacktrace>
              <![CDATA[java.lang.AssertionError: expected [true] but found [false]
at org.testng.Assert.fail(Assert.java:99)
at org.testng.Assert.failNotEquals(Assert.java:1037)
at org.testng.Assert.assertTrue(Assert.java:45)
at org.testng.Assert.assertTrue(Assert.java:55)
at com.selenium.page.WikiHomePage.ingresarBusquedaV2(WikiHomePage.java:275)
at com.selenium.test.WikiTest2.Busqueda_Version_TDD_Excel(WikiTest2.java:86)
at java.base/jdk.internal.reflect.NativeMethodAccessorImpl.invoke0(Native Method)
at java.base/jdk.internal.reflect.NativeMethodAccessorImpl.invoke(NativeMethodAccessorImpl.java:62)
at java.base/jdk.internal.reflect.DelegatingMethodAccessorImpl.invoke(DelegatingMethodAccessorImpl.java:43)
at java.base/java.lang.reflect.Method.invoke(Method.java:566)
at org.testng.internal.MethodInvocationHelper.invokeMethod(MethodInvocationHelper.java:133)
at org.testng.internal.TestInvoker.invokeMethod(TestInvoker.java:598)
at org.testng.internal.TestInvoker.invokeTestMethod(TestInvoker.java:173)
at org.testng.internal.MethodRunner.runInSequence(MethodRunner.java:46)
at org.testng.internal.TestInvoker$MethodInvocationAgent.invoke(TestInvoker.java:824)
at org.testng.internal.TestInvoker.invokeTestMethods(TestInvoker.java:146)
at org.testng.internal.TestMethodWorker.invokeTestMethods(TestMethodWorker.java:146)
at org.testng.internal.TestMethodWorker.run(TestMethodWorker.java:128)
at java.base/java.util.ArrayList.forEach(ArrayList.java:1541)
at org.testng.TestRunner.privateRun(TestRunner.java:794)
at org.testng.TestRunner.run(TestRunner.java:596)
at org.testng.SuiteRunner.runTest(SuiteRunner.java:377)
at org.testng.SuiteRunner.runSequentially(SuiteRunner.java:371)
at org.testng.SuiteRunner.privateRun(SuiteRunner.java:332)
at org.testng.SuiteRunner.run(SuiteRunner.java:276)
at org.testng.SuiteRunnerWorker.runSuite(SuiteRunnerWorker.java:53)
at org.testng.SuiteRunnerWorker.run(SuiteRunnerWorker.java:96)
at org.testng.TestNG.runSuitesSequentially(TestNG.java:1212)
at org.testng.TestNG.runSuitesLocally(TestNG.java:1134)
at org.testng.TestNG.runSuites(TestNG.java:1063)
at org.testng.TestNG.run(TestNG.java:1031)
at org.apache.maven.surefire.testng.TestNGExecutor.run(TestNGExecutor.java:283)
at org.apache.maven.surefire.testng.TestNGXmlTestSuite.execute(TestNGXmlTestSuite.java:75)
at org.apache.maven.surefire.testng.TestNGProvider.invoke(TestNGProvider.java:120)
at org.apache.maven.surefire.booter.ForkedBooter.invokeProviderInSameClassLoader(ForkedBooter.java:384)
at org.apache.maven.surefire.booter.ForkedBooter.runSuitesInProcess(ForkedBooter.java:345)
at org.apache.maven.surefire.booter.ForkedBooter.execute(ForkedBooter.java:126)
at org.apache.maven.surefire.booter.ForkedBooter.main(ForkedBooter.java:418)
]]>
            </full-stacktrace>
          </exception> <!-- java.lang.AssertionError -->
          <reporter-output>
            <line>
              <![CDATA[Ingresar idioma [pl]]]>
            </line>
            <line>
              <![CDATA[Ingresar valor de busqueda [Selenium]]]>
            </line>
            <line>
              <![CDATA[Ingresamos ENTER]]>
            </line>
            <line>
              <![CDATA[Idioma de URL actual [pt]]]>
            </line>
            <line>
              <![CDATA[Titulo resultado  [Selênio]]]>
            </line>
            <line>
              <![CDATA[Comparamos los valores y validamos que coincidan]]>
            </line>
            <line>
              <![CDATA[[NO COINCIDEN] [posee caracteres especiales, acentos, etc]]]>
            </line>
          </reporter-output>
        </test-method> <!-- Busqueda_Version_TDD_Excel -->
        <test-method is-config="true" signature="postCondicion()[pri:0, instance:com.selenium.test.WikiTest2@6631f5ca]" started-at="2023-06-28T17:02:48 ART" name="postCondicion" finished-at="2023-06-28T17:02:50 ART" duration-ms="1260" status="PASS">
          <reporter-output>
            <line>
              <![CDATA[Cerrando Browser...]]>
            </line>
          </reporter-output>
        </test-method> <!-- postCondicion -->
        <test-method is-config="true" signature="abrirBrowser(org.testng.ITestContext)[pri:0, instance:com.selenium.test.WikiTest2@6631f5ca]" started-at="2023-06-28T17:02:50 ART" name="abrirBrowser" finished-at="2023-06-28T17:02:53 ART" duration-ms="3466" status="PASS">
          <params>
            <param index="0">
              <value>
                <![CDATA[org.testng.TestRunner@2b7facc7]]>
              </value>
            </param>
          </params>
          <reporter-output>
            <line>
              <![CDATA[Abriendo Browser...]]>
            </line>
          </reporter-output>
        </test-method> <!-- abrirBrowser -->
        <test-method signature="Busqueda_Version_TDD_Excel(java.lang.String,java.lang.String,java.lang.String)[pri:1, instance:com.selenium.test.WikiTest2@6631f5ca]" started-at="2023-06-28T17:02:53 ART" name="Busqueda_Version_TDD_Excel" description="Validar busqueda funciona ok recibiendo como entrada un archivo excel-TDD" data-provider="DatosNuevos" finished-at="2023-06-28T17:02:56 ART" duration-ms="2960" status="PASS">
          <params>
            <param index="0">
              <value>
                <![CDATA[es]]>
              </value>
            </param>
            <param index="1">
              <value>
                <![CDATA[Selenium]]>
              </value>
            </param>
            <param index="2">
              <value>
                <![CDATA[Selenium]]>
              </value>
            </param>
          </params>
          <reporter-output>
            <line>
              <![CDATA[Ingresar idioma [es]]]>
            </line>
            <line>
              <![CDATA[Ingresar valor de busqueda [Selenium]]]>
            </line>
            <line>
              <![CDATA[Ingresamos ENTER]]>
            </line>
            <line>
              <![CDATA[Idioma de URL actual [es]]]>
            </line>
            <line>
              <![CDATA[Titulo resultado  [Selenium]]]>
            </line>
            <line>
              <![CDATA[Comparamos los valores y validamos que coincidan]]>
            </line>
            <line>
              <![CDATA[[COINCIDEN]]]>
            </line>
            <line>
              <![CDATA[Validamos idioma previamente seleccionado y pasado por parametro]]>
            </line>
            <line>
              <![CDATA[[ COINCIDEN]]]>
            </line>
          </reporter-output>
        </test-method> <!-- Busqueda_Version_TDD_Excel -->
        <test-method is-config="true" signature="postCondicion()[pri:0, instance:com.selenium.test.WikiTest2@6631f5ca]" started-at="2023-06-28T17:02:56 ART" name="postCondicion" finished-at="2023-06-28T17:02:57 ART" duration-ms="1282" status="PASS">
          <reporter-output>
            <line>
              <![CDATA[Cerrando Browser...]]>
            </line>
          </reporter-output>
        </test-method> <!-- postCondicion -->
        <test-method is-config="true" signature="abrirBrowser(org.testng.ITestContext)[pri:0, instance:com.selenium.test.WikiTest2@6631f5ca]" started-at="2023-06-28T17:02:57 ART" name="abrirBrowser" finished-at="2023-06-28T17:03:01 ART" duration-ms="3943" status="PASS">
          <params>
            <param index="0">
              <value>
                <![CDATA[org.testng.TestRunner@2b7facc7]]>
              </value>
            </param>
          </params>
          <reporter-output>
            <line>
              <![CDATA[Abriendo Browser...]]>
            </line>
          </reporter-output>
        </test-method> <!-- abrirBrowser -->
        <test-method signature="Busqueda_Version_TDD_Excel(java.lang.String,java.lang.String,java.lang.String)[pri:1, instance:com.selenium.test.WikiTest2@6631f5ca]" started-at="2023-06-28T17:03:01 ART" name="Busqueda_Version_TDD_Excel" description="Validar busqueda funciona ok recibiendo como entrada un archivo excel-TDD" data-provider="DatosNuevos" finished-at="2023-06-28T17:03:04 ART" duration-ms="2494" status="FAIL">
          <params>
            <param index="0">
              <value>
                <![CDATA[en]]>
              </value>
            </param>
            <param index="1">
              <value>
                <![CDATA[Selenium]]>
              </value>
            </param>
            <param index="2">
              <value>
                <![CDATA[Selenium]]>
              </value>
            </param>
          </params>
          <exception class="java.lang.AssertionError">
            <message>
              <![CDATA[expected [true] but found [false]]]>
            </message>
            <full-stacktrace>
              <![CDATA[java.lang.AssertionError: expected [true] but found [false]
at org.testng.Assert.fail(Assert.java:99)
at org.testng.Assert.failNotEquals(Assert.java:1037)
at org.testng.Assert.assertTrue(Assert.java:45)
at org.testng.Assert.assertTrue(Assert.java:55)
at com.selenium.page.WikiHomePage.ingresarBusquedaV2(WikiHomePage.java:278)
at com.selenium.test.WikiTest2.Busqueda_Version_TDD_Excel(WikiTest2.java:86)
at java.base/jdk.internal.reflect.NativeMethodAccessorImpl.invoke0(Native Method)
at java.base/jdk.internal.reflect.NativeMethodAccessorImpl.invoke(NativeMethodAccessorImpl.java:62)
at java.base/jdk.internal.reflect.DelegatingMethodAccessorImpl.invoke(DelegatingMethodAccessorImpl.java:43)
at java.base/java.lang.reflect.Method.invoke(Method.java:566)
at org.testng.internal.MethodInvocationHelper.invokeMethod(MethodInvocationHelper.java:133)
at org.testng.internal.TestInvoker.invokeMethod(TestInvoker.java:598)
at org.testng.internal.TestInvoker.invokeTestMethod(TestInvoker.java:173)
at org.testng.internal.MethodRunner.runInSequence(MethodRunner.java:46)
at org.testng.internal.TestInvoker$MethodInvocationAgent.invoke(TestInvoker.java:824)
at org.testng.internal.TestInvoker.invokeTestMethods(TestInvoker.java:146)
at org.testng.internal.TestMethodWorker.invokeTestMethods(TestMethodWorker.java:146)
at org.testng.internal.TestMethodWorker.run(TestMethodWorker.java:128)
at java.base/java.util.ArrayList.forEach(ArrayList.java:1541)
at org.testng.TestRunner.privateRun(TestRunner.java:794)
at org.testng.TestRunner.run(TestRunner.java:596)
at org.testng.SuiteRunner.runTest(SuiteRunner.java:377)
at org.testng.SuiteRunner.runSequentially(SuiteRunner.java:371)
at org.testng.SuiteRunner.privateRun(SuiteRunner.java:332)
at org.testng.SuiteRunner.run(SuiteRunner.java:276)
at org.testng.SuiteRunnerWorker.runSuite(SuiteRunnerWorker.java:53)
at org.testng.SuiteRunnerWorker.run(SuiteRunnerWorker.java:96)
at org.testng.TestNG.runSuitesSequentially(TestNG.java:1212)
at org.testng.TestNG.runSuitesLocally(TestNG.java:1134)
at org.testng.TestNG.runSuites(TestNG.java:1063)
at org.testng.TestNG.run(TestNG.java:1031)
at org.apache.maven.surefire.testng.TestNGExecutor.run(TestNGExecutor.java:283)
at org.apache.maven.surefire.testng.TestNGXmlTestSuite.execute(TestNGXmlTestSuite.java:75)
at org.apache.maven.surefire.testng.TestNGProvider.invoke(TestNGProvider.java:120)
at org.apache.maven.surefire.booter.ForkedBooter.invokeProviderInSameClassLoader(ForkedBooter.java:384)
at org.apache.maven.surefire.booter.ForkedBooter.runSuitesInProcess(ForkedBooter.java:345)
at org.apache.maven.surefire.booter.ForkedBooter.execute(ForkedBooter.java:126)
at org.apache.maven.surefire.booter.ForkedBooter.main(ForkedBooter.java:418)
]]>
            </full-stacktrace>
          </exception> <!-- java.lang.AssertionError -->
          <reporter-output>
            <line>
              <![CDATA[Ingresar idioma [en]]]>
            </line>
            <line>
              <![CDATA[Ingresar valor de busqueda [Selenium]]]>
            </line>
            <line>
              <![CDATA[Ingresamos ENTER]]>
            </line>
            <line>
              <![CDATA[Idioma de URL actual [es]]]>
            </line>
            <line>
              <![CDATA[Titulo resultado  [Selenium]]]>
            </line>
            <line>
              <![CDATA[Comparamos los valores y validamos que coincidan]]>
            </line>
            <line>
              <![CDATA[[COINCIDEN]]]>
            </line>
            <line>
              <![CDATA[Validamos idioma previamente seleccionado y pasado por parametro]]>
            </line>
            <line>
              <![CDATA[[NO COINCIDEN]]]>
            </line>
          </reporter-output>
        </test-method> <!-- Busqueda_Version_TDD_Excel -->
        <test-method is-config="true" signature="postCondicion()[pri:0, instance:com.selenium.test.WikiTest2@6631f5ca]" started-at="2023-06-28T17:03:04 ART" name="postCondicion" finished-at="2023-06-28T17:03:05 ART" duration-ms="1293" status="PASS">
          <reporter-output>
            <line>
              <![CDATA[Cerrando Browser...]]>
            </line>
          </reporter-output>
        </test-method> <!-- postCondicion -->
        <test-method is-config="true" signature="abrirBrowser(org.testng.ITestContext)[pri:0, instance:com.selenium.test.WikiTest2@6631f5ca]" started-at="2023-06-28T17:03:05 ART" name="abrirBrowser" finished-at="2023-06-28T17:03:09 ART" duration-ms="3470" status="PASS">
          <params>
            <param index="0">
              <value>
                <![CDATA[org.testng.TestRunner@2b7facc7]]>
              </value>
            </param>
          </params>
          <reporter-output>
            <line>
              <![CDATA[Abriendo Browser...]]>
            </line>
          </reporter-output>
        </test-method> <!-- abrirBrowser -->
        <test-method signature="Busqueda_Version_TDD_Excel(java.lang.String,java.lang.String,java.lang.String)[pri:1, instance:com.selenium.test.WikiTest2@6631f5ca]" started-at="2023-06-28T17:03:09 ART" name="Busqueda_Version_TDD_Excel" description="Validar busqueda funciona ok recibiendo como entrada un archivo excel-TDD" data-provider="DatosNuevos" finished-at="2023-06-28T17:03:11 ART" duration-ms="2539" status="FAIL">
          <params>
            <param index="0">
              <value>
                <![CDATA[pl]]>
              </value>
            </param>
            <param index="1">
              <value>
                <![CDATA[Selenium]]>
              </value>
            </param>
            <param index="2">
              <value>
                <![CDATA[Selênio]]>
              </value>
            </param>
          </params>
          <exception class="java.lang.AssertionError">
            <message>
              <![CDATA[expected [true] but found [false]]]>
            </message>
            <full-stacktrace>
              <![CDATA[java.lang.AssertionError: expected [true] but found [false]
at org.testng.Assert.fail(Assert.java:99)
at org.testng.Assert.failNotEquals(Assert.java:1037)
at org.testng.Assert.assertTrue(Assert.java:45)
at org.testng.Assert.assertTrue(Assert.java:55)
at com.selenium.page.WikiHomePage.ingresarBusquedaV2(WikiHomePage.java:275)
at com.selenium.test.WikiTest2.Busqueda_Version_TDD_Excel(WikiTest2.java:86)
at java.base/jdk.internal.reflect.NativeMethodAccessorImpl.invoke0(Native Method)
at java.base/jdk.internal.reflect.NativeMethodAccessorImpl.invoke(NativeMethodAccessorImpl.java:62)
at java.base/jdk.internal.reflect.DelegatingMethodAccessorImpl.invoke(DelegatingMethodAccessorImpl.java:43)
at java.base/java.lang.reflect.Method.invoke(Method.java:566)
at org.testng.internal.MethodInvocationHelper.invokeMethod(MethodInvocationHelper.java:133)
at org.testng.internal.TestInvoker.invokeMethod(TestInvoker.java:598)
at org.testng.internal.TestInvoker.invokeTestMethod(TestInvoker.java:173)
at org.testng.internal.MethodRunner.runInSequence(MethodRunner.java:46)
at org.testng.internal.TestInvoker$MethodInvocationAgent.invoke(TestInvoker.java:824)
at org.testng.internal.TestInvoker.invokeTestMethods(TestInvoker.java:146)
at org.testng.internal.TestMethodWorker.invokeTestMethods(TestMethodWorker.java:146)
at org.testng.internal.TestMethodWorker.run(TestMethodWorker.java:128)
at java.base/java.util.ArrayList.forEach(ArrayList.java:1541)
at org.testng.TestRunner.privateRun(TestRunner.java:794)
at org.testng.TestRunner.run(TestRunner.java:596)
at org.testng.SuiteRunner.runTest(SuiteRunner.java:377)
at org.testng.SuiteRunner.runSequentially(SuiteRunner.java:371)
at org.testng.SuiteRunner.privateRun(SuiteRunner.java:332)
at org.testng.SuiteRunner.run(SuiteRunner.java:276)
at org.testng.SuiteRunnerWorker.runSuite(SuiteRunnerWorker.java:53)
at org.testng.SuiteRunnerWorker.run(SuiteRunnerWorker.java:96)
at org.testng.TestNG.runSuitesSequentially(TestNG.java:1212)
at org.testng.TestNG.runSuitesLocally(TestNG.java:1134)
at org.testng.TestNG.runSuites(TestNG.java:1063)
at org.testng.TestNG.run(TestNG.java:1031)
at org.apache.maven.surefire.testng.TestNGExecutor.run(TestNGExecutor.java:283)
at org.apache.maven.surefire.testng.TestNGXmlTestSuite.execute(TestNGXmlTestSuite.java:75)
at org.apache.maven.surefire.testng.TestNGProvider.invoke(TestNGProvider.java:120)
at org.apache.maven.surefire.booter.ForkedBooter.invokeProviderInSameClassLoader(ForkedBooter.java:384)
at org.apache.maven.surefire.booter.ForkedBooter.runSuitesInProcess(ForkedBooter.java:345)
at org.apache.maven.surefire.booter.ForkedBooter.execute(ForkedBooter.java:126)
at org.apache.maven.surefire.booter.ForkedBooter.main(ForkedBooter.java:418)
]]>
            </full-stacktrace>
          </exception> <!-- java.lang.AssertionError -->
          <reporter-output>
            <line>
              <![CDATA[Ingresar idioma [pl]]]>
            </line>
            <line>
              <![CDATA[Ingresar valor de busqueda [Selenium]]]>
            </line>
            <line>
              <![CDATA[Ingresamos ENTER]]>
            </line>
            <line>
              <![CDATA[Idioma de URL actual [pt]]]>
            </line>
            <line>
              <![CDATA[Titulo resultado  [Selênio]]]>
            </line>
            <line>
              <![CDATA[Comparamos los valores y validamos que coincidan]]>
            </line>
            <line>
              <![CDATA[[NO COINCIDEN] [posee caracteres especiales, acentos, etc]]]>
            </line>
          </reporter-output>
        </test-method> <!-- Busqueda_Version_TDD_Excel -->
        <test-method is-config="true" signature="postCondicion()[pri:0, instance:com.selenium.test.WikiTest2@6631f5ca]" started-at="2023-06-28T17:03:11 ART" name="postCondicion" finished-at="2023-06-28T17:03:13 ART" duration-ms="1425" status="PASS">
          <reporter-output>
            <line>
              <![CDATA[Cerrando Browser...]]>
            </line>
          </reporter-output>
        </test-method> <!-- postCondicion -->
        <test-method is-config="true" signature="abrirBrowser(org.testng.ITestContext)[pri:0, instance:com.selenium.test.WikiTest2@6631f5ca]" started-at="2023-06-28T17:03:13 ART" name="abrirBrowser" finished-at="2023-06-28T17:03:16 ART" duration-ms="3832" status="PASS">
          <params>
            <param index="0">
              <value>
                <![CDATA[org.testng.TestRunner@2b7facc7]]>
              </value>
            </param>
          </params>
          <reporter-output>
            <line>
              <![CDATA[Abriendo Browser...]]>
            </line>
          </reporter-output>
        </test-method> <!-- abrirBrowser -->
        <test-method signature="Busqueda_Version_TDD_Excel(java.lang.String,java.lang.String,java.lang.String)[pri:1, instance:com.selenium.test.WikiTest2@6631f5ca]" started-at="2023-06-28T17:03:16 ART" name="Busqueda_Version_TDD_Excel" description="Validar busqueda funciona ok recibiendo como entrada un archivo excel-TDD" data-provider="DatosNuevos" finished-at="2023-06-28T17:03:19 ART" duration-ms="2708" status="PASS">
          <params>
            <param index="0">
              <value>
                <![CDATA[es]]>
              </value>
            </param>
            <param index="1">
              <value>
                <![CDATA[Selenium]]>
              </value>
            </param>
            <param index="2">
              <value>
                <![CDATA[Selenium]]>
              </value>
            </param>
          </params>
          <reporter-output>
            <line>
              <![CDATA[Ingresar idioma [es]]]>
            </line>
            <line>
              <![CDATA[Ingresar valor de busqueda [Selenium]]]>
            </line>
            <line>
              <![CDATA[Ingresamos ENTER]]>
            </line>
            <line>
              <![CDATA[Idioma de URL actual [es]]]>
            </line>
            <line>
              <![CDATA[Titulo resultado  [Selenium]]]>
            </line>
            <line>
              <![CDATA[Comparamos los valores y validamos que coincidan]]>
            </line>
            <line>
              <![CDATA[[COINCIDEN]]]>
            </line>
            <line>
              <![CDATA[Validamos idioma previamente seleccionado y pasado por parametro]]>
            </line>
            <line>
              <![CDATA[[ COINCIDEN]]]>
            </line>
          </reporter-output>
        </test-method> <!-- Busqueda_Version_TDD_Excel -->
        <test-method is-config="true" signature="postCondicion()[pri:0, instance:com.selenium.test.WikiTest2@6631f5ca]" started-at="2023-06-28T17:03:19 ART" name="postCondicion" finished-at="2023-06-28T17:03:21 ART" duration-ms="1714" status="PASS">
          <reporter-output>
            <line>
              <![CDATA[Cerrando Browser...]]>
            </line>
          </reporter-output>
        </test-method> <!-- postCondicion -->
        <test-method is-config="true" signature="abrirBrowser(org.testng.ITestContext)[pri:0, instance:com.selenium.test.WikiTest2@6631f5ca]" started-at="2023-06-28T17:03:21 ART" name="abrirBrowser" finished-at="2023-06-28T17:03:24 ART" duration-ms="3704" status="PASS">
          <params>
            <param index="0">
              <value>
                <![CDATA[org.testng.TestRunner@2b7facc7]]>
              </value>
            </param>
          </params>
          <reporter-output>
            <line>
              <![CDATA[Abriendo Browser...]]>
            </line>
          </reporter-output>
        </test-method> <!-- abrirBrowser -->
        <test-method signature="Busqueda_Version_TDD_Excel(java.lang.String,java.lang.String,java.lang.String)[pri:1, instance:com.selenium.test.WikiTest2@6631f5ca]" started-at="2023-06-28T17:03:24 ART" name="Busqueda_Version_TDD_Excel" description="Validar busqueda funciona ok recibiendo como entrada un archivo excel-TDD" data-provider="DatosNuevos" finished-at="2023-06-28T17:03:27 ART" duration-ms="2544" status="FAIL">
          <params>
            <param index="0">
              <value>
                <![CDATA[en]]>
              </value>
            </param>
            <param index="1">
              <value>
                <![CDATA[Selenium]]>
              </value>
            </param>
            <param index="2">
              <value>
                <![CDATA[Selenium]]>
              </value>
            </param>
          </params>
          <exception class="java.lang.AssertionError">
            <message>
              <![CDATA[expected [true] but found [false]]]>
            </message>
            <full-stacktrace>
              <![CDATA[java.lang.AssertionError: expected [true] but found [false]
at org.testng.Assert.fail(Assert.java:99)
at org.testng.Assert.failNotEquals(Assert.java:1037)
at org.testng.Assert.assertTrue(Assert.java:45)
at org.testng.Assert.assertTrue(Assert.java:55)
at com.selenium.page.WikiHomePage.ingresarBusquedaV2(WikiHomePage.java:278)
at com.selenium.test.WikiTest2.Busqueda_Version_TDD_Excel(WikiTest2.java:86)
at java.base/jdk.internal.reflect.NativeMethodAccessorImpl.invoke0(Native Method)
at java.base/jdk.internal.reflect.NativeMethodAccessorImpl.invoke(NativeMethodAccessorImpl.java:62)
at java.base/jdk.internal.reflect.DelegatingMethodAccessorImpl.invoke(DelegatingMethodAccessorImpl.java:43)
at java.base/java.lang.reflect.Method.invoke(Method.java:566)
at org.testng.internal.MethodInvocationHelper.invokeMethod(MethodInvocationHelper.java:133)
at org.testng.internal.TestInvoker.invokeMethod(TestInvoker.java:598)
at org.testng.internal.TestInvoker.invokeTestMethod(TestInvoker.java:173)
at org.testng.internal.MethodRunner.runInSequence(MethodRunner.java:46)
at org.testng.internal.TestInvoker$MethodInvocationAgent.invoke(TestInvoker.java:824)
at org.testng.internal.TestInvoker.invokeTestMethods(TestInvoker.java:146)
at org.testng.internal.TestMethodWorker.invokeTestMethods(TestMethodWorker.java:146)
at org.testng.internal.TestMethodWorker.run(TestMethodWorker.java:128)
at java.base/java.util.ArrayList.forEach(ArrayList.java:1541)
at org.testng.TestRunner.privateRun(TestRunner.java:794)
at org.testng.TestRunner.run(TestRunner.java:596)
at org.testng.SuiteRunner.runTest(SuiteRunner.java:377)
at org.testng.SuiteRunner.runSequentially(SuiteRunner.java:371)
at org.testng.SuiteRunner.privateRun(SuiteRunner.java:332)
at org.testng.SuiteRunner.run(SuiteRunner.java:276)
at org.testng.SuiteRunnerWorker.runSuite(SuiteRunnerWorker.java:53)
at org.testng.SuiteRunnerWorker.run(SuiteRunnerWorker.java:96)
at org.testng.TestNG.runSuitesSequentially(TestNG.java:1212)
at org.testng.TestNG.runSuitesLocally(TestNG.java:1134)
at org.testng.TestNG.runSuites(TestNG.java:1063)
at org.testng.TestNG.run(TestNG.java:1031)
at org.apache.maven.surefire.testng.TestNGExecutor.run(TestNGExecutor.java:283)
at org.apache.maven.surefire.testng.TestNGXmlTestSuite.execute(TestNGXmlTestSuite.java:75)
at org.apache.maven.surefire.testng.TestNGProvider.invoke(TestNGProvider.java:120)
at org.apache.maven.surefire.booter.ForkedBooter.invokeProviderInSameClassLoader(ForkedBooter.java:384)
at org.apache.maven.surefire.booter.ForkedBooter.runSuitesInProcess(ForkedBooter.java:345)
at org.apache.maven.surefire.booter.ForkedBooter.execute(ForkedBooter.java:126)
at org.apache.maven.surefire.booter.ForkedBooter.main(ForkedBooter.java:418)
]]>
            </full-stacktrace>
          </exception> <!-- java.lang.AssertionError -->
          <reporter-output>
            <line>
              <![CDATA[Ingresar idioma [en]]]>
            </line>
            <line>
              <![CDATA[Ingresar valor de busqueda [Selenium]]]>
            </line>
            <line>
              <![CDATA[Ingresamos ENTER]]>
            </line>
            <line>
              <![CDATA[Idioma de URL actual [es]]]>
            </line>
            <line>
              <![CDATA[Titulo resultado  [Selenium]]]>
            </line>
            <line>
              <![CDATA[Comparamos los valores y validamos que coincidan]]>
            </line>
            <line>
              <![CDATA[[COINCIDEN]]]>
            </line>
            <line>
              <![CDATA[Validamos idioma previamente seleccionado y pasado por parametro]]>
            </line>
            <line>
              <![CDATA[[NO COINCIDEN]]]>
            </line>
          </reporter-output>
        </test-method> <!-- Busqueda_Version_TDD_Excel -->
        <test-method is-config="true" signature="postCondicion()[pri:0, instance:com.selenium.test.WikiTest2@6631f5ca]" started-at="2023-06-28T17:03:27 ART" name="postCondicion" finished-at="2023-06-28T17:03:28 ART" duration-ms="1444" status="PASS">
          <reporter-output>
            <line>
              <![CDATA[Cerrando Browser...]]>
            </line>
          </reporter-output>
        </test-method> <!-- postCondicion -->
        <test-method is-config="true" signature="abrirBrowser(org.testng.ITestContext)[pri:0, instance:com.selenium.test.WikiTest2@6631f5ca]" started-at="2023-06-28T17:03:28 ART" name="abrirBrowser" finished-at="2023-06-28T17:03:32 ART" duration-ms="3458" status="PASS">
          <params>
            <param index="0">
              <value>
                <![CDATA[org.testng.TestRunner@2b7facc7]]>
              </value>
            </param>
          </params>
          <reporter-output>
            <line>
              <![CDATA[Abriendo Browser...]]>
            </line>
          </reporter-output>
        </test-method> <!-- abrirBrowser -->
        <test-method signature="Busqueda_Version_TDD_Excel(java.lang.String,java.lang.String,java.lang.String)[pri:1, instance:com.selenium.test.WikiTest2@6631f5ca]" started-at="2023-06-28T17:03:32 ART" name="Busqueda_Version_TDD_Excel" description="Validar busqueda funciona ok recibiendo como entrada un archivo excel-TDD" data-provider="DatosNuevos" finished-at="2023-06-28T17:03:35 ART" duration-ms="2582" status="FAIL">
          <params>
            <param index="0">
              <value>
                <![CDATA[pl]]>
              </value>
            </param>
            <param index="1">
              <value>
                <![CDATA[Selenium]]>
              </value>
            </param>
            <param index="2">
              <value>
                <![CDATA[Selênio]]>
              </value>
            </param>
          </params>
          <exception class="java.lang.AssertionError">
            <message>
              <![CDATA[expected [true] but found [false]]]>
            </message>
            <full-stacktrace>
              <![CDATA[java.lang.AssertionError: expected [true] but found [false]
at org.testng.Assert.fail(Assert.java:99)
at org.testng.Assert.failNotEquals(Assert.java:1037)
at org.testng.Assert.assertTrue(Assert.java:45)
at org.testng.Assert.assertTrue(Assert.java:55)
at com.selenium.page.WikiHomePage.ingresarBusquedaV2(WikiHomePage.java:275)
at com.selenium.test.WikiTest2.Busqueda_Version_TDD_Excel(WikiTest2.java:86)
at java.base/jdk.internal.reflect.NativeMethodAccessorImpl.invoke0(Native Method)
at java.base/jdk.internal.reflect.NativeMethodAccessorImpl.invoke(NativeMethodAccessorImpl.java:62)
at java.base/jdk.internal.reflect.DelegatingMethodAccessorImpl.invoke(DelegatingMethodAccessorImpl.java:43)
at java.base/java.lang.reflect.Method.invoke(Method.java:566)
at org.testng.internal.MethodInvocationHelper.invokeMethod(MethodInvocationHelper.java:133)
at org.testng.internal.TestInvoker.invokeMethod(TestInvoker.java:598)
at org.testng.internal.TestInvoker.invokeTestMethod(TestInvoker.java:173)
at org.testng.internal.MethodRunner.runInSequence(MethodRunner.java:46)
at org.testng.internal.TestInvoker$MethodInvocationAgent.invoke(TestInvoker.java:824)
at org.testng.internal.TestInvoker.invokeTestMethods(TestInvoker.java:146)
at org.testng.internal.TestMethodWorker.invokeTestMethods(TestMethodWorker.java:146)
at org.testng.internal.TestMethodWorker.run(TestMethodWorker.java:128)
at java.base/java.util.ArrayList.forEach(ArrayList.java:1541)
at org.testng.TestRunner.privateRun(TestRunner.java:794)
at org.testng.TestRunner.run(TestRunner.java:596)
at org.testng.SuiteRunner.runTest(SuiteRunner.java:377)
at org.testng.SuiteRunner.runSequentially(SuiteRunner.java:371)
at org.testng.SuiteRunner.privateRun(SuiteRunner.java:332)
at org.testng.SuiteRunner.run(SuiteRunner.java:276)
at org.testng.SuiteRunnerWorker.runSuite(SuiteRunnerWorker.java:53)
at org.testng.SuiteRunnerWorker.run(SuiteRunnerWorker.java:96)
at org.testng.TestNG.runSuitesSequentially(TestNG.java:1212)
at org.testng.TestNG.runSuitesLocally(TestNG.java:1134)
at org.testng.TestNG.runSuites(TestNG.java:1063)
at org.testng.TestNG.run(TestNG.java:1031)
at org.apache.maven.surefire.testng.TestNGExecutor.run(TestNGExecutor.java:283)
at org.apache.maven.surefire.testng.TestNGXmlTestSuite.execute(TestNGXmlTestSuite.java:75)
at org.apache.maven.surefire.testng.TestNGProvider.invoke(TestNGProvider.java:120)
at org.apache.maven.surefire.booter.ForkedBooter.invokeProviderInSameClassLoader(ForkedBooter.java:384)
at org.apache.maven.surefire.booter.ForkedBooter.runSuitesInProcess(ForkedBooter.java:345)
at org.apache.maven.surefire.booter.ForkedBooter.execute(ForkedBooter.java:126)
at org.apache.maven.surefire.booter.ForkedBooter.main(ForkedBooter.java:418)
]]>
            </full-stacktrace>
          </exception> <!-- java.lang.AssertionError -->
          <reporter-output>
            <line>
              <![CDATA[Ingresar idioma [pl]]]>
            </line>
            <line>
              <![CDATA[Ingresar valor de busqueda [Selenium]]]>
            </line>
            <line>
              <![CDATA[Ingresamos ENTER]]>
            </line>
            <line>
              <![CDATA[Idioma de URL actual [pt]]]>
            </line>
            <line>
              <![CDATA[Titulo resultado  [Selênio]]]>
            </line>
            <line>
              <![CDATA[Comparamos los valores y validamos que coincidan]]>
            </line>
            <line>
              <![CDATA[[NO COINCIDEN] [posee caracteres especiales, acentos, etc]]]>
            </line>
          </reporter-output>
        </test-method> <!-- Busqueda_Version_TDD_Excel -->
        <test-method is-config="true" signature="postCondicion()[pri:0, instance:com.selenium.test.WikiTest2@6631f5ca]" started-at="2023-06-28T17:03:35 ART" name="postCondicion" finished-at="2023-06-28T17:03:36 ART" duration-ms="1327" status="PASS">
          <reporter-output>
            <line>
              <![CDATA[Cerrando Browser...]]>
            </line>
          </reporter-output>
        </test-method> <!-- postCondicion -->
      </class> <!-- com.selenium.test.WikiTest2 -->
    </test> <!-- Test -->
  </suite> <!-- Suite -->
</testng-results>
